Log file open, 06/05/15 17:32:57
LogInit:Display: Running engine for game: enkindle
LogInit: Version: 4.7.6-2513093+++depot+UE4-Releases+4.7
LogInit: API Version: 2455222
LogInit: Compiled (64-bit): Apr 15 2015 12:09:54
LogInit: Compiled with Visual C++: 18.00.21005.01
LogInit: Build Configuration: Development
LogInit: Branch Name: ++depot+UE4-Releases+4.7
LogInit: Command line: 
LogInit: Base directory: D:/Epic Games/4.7/Engine/Binaries/Win64/
LogInit: Rocket: 1
[2015.06.05-21.32.57:277][  0]LogTaskGraph: Started task graph with 3 named threads and 6 total threads.
[2015.06.05-21.32.57:346][  0]LogOnline:Warning: No default platform service specified for OnlineSubsystem
[2015.06.05-21.32.57:373][  0]LogInit: Presizing for 0 objects not considered by GC, pre-allocating 0 bytes.
[2015.06.05-21.32.57:385][  0]LogInit: Object subsystem initialized
[2015.06.05-21.32.57:389][  0]LogInit: Selected Device Profile: [Windows]
[2015.06.05-21.32.57:389][  0]LogInit: Applying CVar settings loaded from the selected device profile: [Windows]
[2015.06.05-21.32.57:398][  0]LogInit: Computer: STEVE
[2015.06.05-21.32.57:398][  0]LogInit: User: Aft3rm4thx
[2015.06.05-21.32.57:398][  0]LogInit: CPU Page size=4096, Cores=4
[2015.06.05-21.32.57:398][  0]LogInit: High frequency timer resolution =3.001594 MHz
[2015.06.05-21.32.57:398][  0]LogMemory: Memory total: Physical=16.0GB (16GB approx) Virtual=131072.0GB
[2015.06.05-21.32.57:399][  0]LogMemory: Platform Memory Stats for Windows
[2015.06.05-21.32.57:399][  0]LogMemory: Process Physical Memory: 45.35 MB used, 45.35 MB peak
[2015.06.05-21.32.57:399][  0]LogMemory: Process Virtual Memory: 24.45 MB used, 24.51 MB peak
[2015.06.05-21.32.57:399][  0]LogMemory: Physical Memory: 4956.16 MB used, 16375.11 MB total
[2015.06.05-21.32.57:399][  0]LogMemory: Virtual Memory: 292.89 MB used, 134217728.00 MB total
[2015.06.05-21.32.57:433][  0]LogD3D11RHI: Found D3D11 adapter 0: NVIDIA GeForce GTX 560 Ti   (Feature Level 11_0)
[2015.06.05-21.32.57:433][  0]LogD3D11RHI: Adapter has 973MB of dedicated video memory, 0MB of dedicated system memory, and 3071MB of shared system memory, 2 output[s]
[2015.06.05-21.32.57:434][  0]LogD3D11RHI: Found D3D11 adapter 1: Microsoft Basic Render Driver (Feature Level 11_0)
[2015.06.05-21.32.57:434][  0]LogD3D11RHI: Adapter has 0MB of dedicated video memory, 0MB of dedicated system memory, and 256MB of shared system memory, 0 output[s]
[2015.06.05-21.32.57:434][  0]LogD3D11RHI: Chosen D3D11 Adapter Id = 0
[2015.06.05-21.32.57:440][  0]LogRHI: Texture pool is 681 MB (70% of 973 MB)
[2015.06.05-21.32.57:456][  0]LogD3D11RHI: Async texture creation enabled
[2015.06.05-21.32.57:533][  0]LogTextLocalizationManager: The requested culture ('en_US') has no localization data; parent culture's ('en') localization data will be used.
[2015.06.05-21.32.57:602][  0]LogTextLocalizationManager:Warning: Loading localization resources contain conflicting entries for (Namespace:UICommands, Key:Save_ToolTip):
Resource: (D:/Epic Games/4.7/Engine/Content/Localization/Editor/en/Editor.locres) Hash: (-29098895) String: (Saves the current level to disk)
Resource: (D:/Epic Games/4.7/Engine/Content/Localization/Engine/en/Engine.locres) Hash: (-1280300587) String: (Save selected data to vlog file)
[2015.06.05-21.32.57:602][  0]LogTextLocalizationManager:Warning: Loading localization resources contain conflicting entries for (Namespace:ContentBrowser, Key:ImportAssetToolTip):
Resource: (D:/Epic Games/4.7/Engine/Content/Localization/Editor/en/Editor.locres) Hash: (-630476809) String: (Import to {0}...)
Resource: (D:/Epic Games/4.7/Engine/Content/Localization/Editor/en/Editor.locres) Hash: (1271782899) String: (Imports an asset from file to this folder.)
[2015.06.05-21.32.57:715][  0]LogContentStreaming: Texture pool size is 0.000000MB
[2015.06.05-21.33.00:520][  0]LogTargetPlatformManager:Display: Building Assets For Windows
[2015.06.05-21.33.01:406][  0]LogTargetPlatformManager:Display: Building Assets For Windows
[2015.06.05-21.33.01:523][  0]LogDerivedDataCache:Display: Max Cache Size: 512 MB
[2015.06.05-21.33.01:573][  0]LogDerivedDataCache: Loaded boot cache 0.05s 39MB C:/Users/Aft3rm4thx/AppData/Local/UnrealEngine/4.7/DerivedDataCache/Boot.ddc.
[2015.06.05-21.33.01:573][  0]LogDerivedDataCache:Display: Loaded Boot cache: C:/Users/Aft3rm4thx/AppData/Local/UnrealEngine/4.7/DerivedDataCache/Boot.ddc
[2015.06.05-21.33.01:573][  0]LogDerivedDataCache: FDerivedDataBackendGraph:  Pak pak cache file C:/Users/Aft3rm4thx/Documents/GitHub/enkindle/enkindle/DerivedDataCache/DDC.ddp not found, will not use a pak cache.
[2015.06.05-21.33.01:573][  0]LogDerivedDataCache: Unable to find inner node Pak for hierarchical cache Hierarchy.
[2015.06.05-21.33.01:703][  0]LogDerivedDataCache:Display: Pak cache opened for reading ../../../Engine/DerivedDataCache/Compressed.ddp.
[2015.06.05-21.33.01:717][  0]LogDerivedDataCache: Using Local data cache path C:/Users/Aft3rm4thx/AppData/Local/UnrealEngine/Common/DerivedDataCache: Writable
[2015.06.05-21.33.02:104][  0]LogMeshUtilities: No automatic mesh reduction module available
[2015.06.05-21.33.02:104][  0]LogMeshUtilities: No automatic mesh merging module available
[2015.06.05-21.33.02:620][  0]LogInit: WinSock: version 1.1 (2.2), MaxSocks=32767, MaxUdp=65467
[2015.06.05-21.33.02:777][  0]LogSlate:Warning: Failed to load font data from '../../../Engine/Content/Slate/Fonts/Roboto-Italic.ttf'
[2015.06.05-21.33.04:240][  0]UdpMessaging: Initializing bridge on interface 0.0.0.0:0 to multicast group 230.0.0.1:6666.
[2015.06.05-21.33.04:619][  0]SourceControl: Info Source control is disabled
[2015.06.05-21.33.04:620][  0]SourceControl: Info Source control is disabled
[2015.06.05-21.33.04:620][  0]SourceControl: Info Source control is disabled
[2015.06.05-21.33.04:620][  0]LogSourceControl: RunCommandInternalRaw: 'git version'
[2015.06.05-21.33.04:620][  0]LogSourceControl: RunCommandInternalRaw: ExecProcess ReturnCode=2 OutResults=''
[2015.06.05-21.33.04:641][  0]SourceControl: Info Source control is disabled
[2015.06.05-21.33.05:022][  0]LogObj: 24232 objects as part of root set at end of initial load.
[2015.06.05-21.33.05:022][  0]LogUObjectAllocator: 5137168 out of 0 bytes used by permanent object pool.
[2015.06.05-21.33.05:142][  0]LogEngine: Initializing Engine...
[2015.06.05-21.33.08:347][  0]LogInit: XAudio2 using 'Speakers (High Definition Audio Device)' : 2 channels at 44.1 kHz using 16 bits per sample (channel mask 0x3)
[2015.06.05-21.33.08:356][  0]LogInit: FAudioDevice initialized.
[2015.06.05-21.33.08:432][  0]LogAIModule: Creating AISystem for world NewWorld
[2015.06.05-21.33.08:457][  0]LogDerivedDataCache: Saved boot cache 0.02s 39MB C:/Users/Aft3rm4thx/AppData/Local/UnrealEngine/4.7/DerivedDataCache/Boot.ddc.
[2015.06.05-21.33.08:464][  0]LogInit: Texture streaming: Enabled
[2015.06.05-21.33.08:607][  0]LogAnalytics: Creating configured Analytics provider AnalyticsET
[2015.06.05-21.33.08:607][  0]LogAnalytics: ET APIKey = Rocket.Release. APIServer = http://et2.epicgames.com/ET2/. AppVersion = 4.7.6-2513093+++depot+UE4-Releases+4.7
[2015.06.05-21.33.08:607][  0]LogAnalytics: ET APIKey = Rocket.Release. DataRouterUploadURL = https://datarouter-public-service-gamedev.ol.epicgames.net/datarouter/api/v1/public/data. AppVersion = 4.7.6-2513093+++depot+UE4-Releases+4.7
[2015.06.05-21.33.08:607][  0]LogAnalytics: SetUserId 0183e1074b8756e4bca528b9a1baa75f|bbd357a3e9034947bcfdfa3129ac8db3|847461d1-cb09-47cf-be33-a0950d37db80
[2015.06.05-21.33.08:607][  0]LogAnalytics: AnalyticsET::StartSession [Rocket.Release]
[2015.06.05-21.33.08:666][  0]LogInit: Transaction tracking system initialized
[2015.06.05-21.33.09:025][  0]BlueprintLog: New page: Editor Load
[2015.06.05-21.33.09:086][  0]LogAssetRegistry: FAssetRegistry took 0.0109 seconds to start up
[2015.06.05-21.33.09:086][  0]LogDirectoryWatcher:Warning: Failed to begin reading directory changes for ../../../Engine/Plugins/Experimental/CharacterAI/Content/. Error: 0
[2015.06.05-21.33.09:983][  0]LogTargetPlatformManager:Display: Building Assets For Windows
[2015.06.05-21.33.10:529][  0]LogTargetPlatformManager:Display: Building Assets For Windows
[2015.06.05-21.33.18:396][  0]LogSlate:Warning: Failed to load font data from '../../../Engine/Content/Editor/Slate/Fonts/Roboto-Regular.ttf'
[2015.06.05-21.33.18:397][  0]LogSlate:Warning: Failed to load font data from '../../../Engine/Content/Editor/Slate/Fonts/Roboto-Bold.ttf'
[2015.06.05-21.33.18:417][  0]LogConsoleResponse:Display: 
[2015.06.05-21.33.18:629][  0]LogCook:Display: Done creating registry. It took  0.00s.
[2015.06.05-21.33.18:924][  0]SourceControl: Info Source control is disabled
[2015.06.05-21.33.18:924][  0]LogPackageName:Error: DoesPackageExist: DoesPackageExist FAILED: 'StarterContent/StarterContent' is not a standard unreal filename or a long path name. Reason: Path should start with a '/'
[2015.06.05-21.33.18:924][  0]LogPackageName:Error: DoesPackageExist: DoesPackageExist FAILED: 'StarterContent/StarterContent' is not a standard unreal filename or a long path name. Reason: Path should start with a '/'
[2015.06.05-21.33.18:924][  0]LogFactory: FactoryCreateBinary: PackFactory with PackFactory (0 0 D:/Epic Games/4.7/FeaturePacks/StarterContent.upack)
[2015.06.05-21.33.19:466][  0]LogPackFactory: Content/StarterContent/Architecture/Floor_400x400.uasset (48141) -> C:/Users/Aft3rm4thx/Documents/GitHub/enkindle/enkindle/Content/StarterContent/Architecture/Floor_400x400.uasset
[2015.06.05-21.33.19:468][  0]LogPackFactory: Content/StarterContent/Architecture/Pillar_50x500.uasset (65452) -> C:/Users/Aft3rm4thx/Documents/GitHub/enkindle/enkindle/Content/StarterContent/Architecture/Pillar_50x500.uasset
[2015.06.05-21.33.19:470][  0]LogPackFactory: Content/StarterContent/Architecture/SM_AssetPlatform.uasset (452977) -> C:/Users/Aft3rm4thx/Documents/GitHub/enkindle/enkindle/Content/StarterContent/Architecture/SM_AssetPlatform.uasset
[2015.06.05-21.33.19:472][  0]LogPackFactory: Content/StarterContent/Architecture/SM_CeilingPiece500x500.uasset (441) -> C:/Users/Aft3rm4thx/Documents/GitHub/enkindle/enkindle/Content/StarterContent/Architecture/SM_CeilingPiece500x500.uasset
[2015.06.05-21.33.19:474][  0]LogPackFactory: Content/StarterContent/Architecture/SM_FloorPiece500x500.uasset (439) -> C:/Users/Aft3rm4thx/Documents/GitHub/enkindle/enkindle/Content/StarterContent/Architecture/SM_FloorPiece500x500.uasset
[2015.06.05-21.33.19:476][  0]LogPackFactory: Content/StarterContent/Architecture/Wall_400x200.uasset (42169) -> C:/Users/Aft3rm4thx/Documents/GitHub/enkindle/enkindle/Content/StarterContent/Architecture/Wall_400x200.uasset
[2015.06.05-21.33.19:477][  0]LogPackFactory: Content/StarterContent/Architecture/Wall_400x300.uasset (41804) -> C:/Users/Aft3rm4thx/Documents/GitHub/enkindle/enkindle/Content/StarterContent/Architecture/Wall_400x300.uasset
[2015.06.05-21.33.19:479][  0]LogPackFactory: Content/StarterContent/Architecture/Wall_400x400.uasset (43426) -> C:/Users/Aft3rm4thx/Documents/GitHub/enkindle/enkindle/Content/StarterContent/Architecture/Wall_400x400.uasset
[2015.06.05-21.33.19:481][  0]LogPackFactory: Content/StarterContent/Architecture/Wall_500x500.uasset (57909) -> C:/Users/Aft3rm4thx/Documents/GitHub/enkindle/enkindle/Content/StarterContent/Architecture/Wall_500x500.uasset
[2015.06.05-21.33.19:482][  0]LogPackFactory: Content/StarterContent/Architecture/Wall_Door_400x300.uasset (52430) -> C:/Users/Aft3rm4thx/Documents/GitHub/enkindle/enkindle/Content/StarterContent/Architecture/Wall_Door_400x300.uasset
[2015.06.05-21.33.19:484][  0]LogPackFactory: Content/StarterContent/Architecture/Wall_Door_400x400.uasset (53246) -> C:/Users/Aft3rm4thx/Documents/GitHub/enkindle/enkindle/Content/StarterContent/Architecture/Wall_Door_400x400.uasset
[2015.06.05-21.33.19:486][  0]LogPackFactory: Content/StarterContent/Architecture/Wall_Window_400x300.uasset (53709) -> C:/Users/Aft3rm4thx/Documents/GitHub/enkindle/enkindle/Content/StarterContent/Architecture/Wall_Window_400x300.uasset
[2015.06.05-21.33.19:488][  0]LogPackFactory: Content/StarterContent/Architecture/Wall_Window_400x400.uasset (54778) -> C:/Users/Aft3rm4thx/Documents/GitHub/enkindle/enkindle/Content/StarterContent/Architecture/Wall_Window_400x400.uasset
[2015.06.05-21.33.19:490][  0]LogPackFactory: Content/StarterContent/Audio/Collapse01.uasset (348532) -> C:/Users/Aft3rm4thx/Documents/GitHub/enkindle/enkindle/Content/StarterContent/Audio/Collapse01.uasset
[2015.06.05-21.33.19:492][  0]LogPackFactory: Content/StarterContent/Audio/Collapse02.uasset (346701) -> C:/Users/Aft3rm4thx/Documents/GitHub/enkindle/enkindle/Content/StarterContent/Audio/Collapse02.uasset
[2015.06.05-21.33.19:494][  0]LogPackFactory: Content/StarterContent/Audio/Collapse_Cue.uasset (6113) -> C:/Users/Aft3rm4thx/Documents/GitHub/enkindle/enkindle/Content/StarterContent/Audio/Collapse_Cue.uasset
[2015.06.05-21.33.19:496][  0]LogPackFactory: Content/StarterContent/Audio/Explosion01.uasset (282440) -> C:/Users/Aft3rm4thx/Documents/GitHub/enkindle/enkindle/Content/StarterContent/Audio/Explosion01.uasset
[2015.06.05-21.33.19:498][  0]LogPackFactory: Content/StarterContent/Audio/Explosion02.uasset (289195) -> C:/Users/Aft3rm4thx/Documents/GitHub/enkindle/enkindle/Content/StarterContent/Audio/Explosion02.uasset
[2015.06.05-21.33.19:499][  0]LogPackFactory: Content/StarterContent/Audio/Explosion_Cue.uasset (7657) -> C:/Users/Aft3rm4thx/Documents/GitHub/enkindle/enkindle/Content/StarterContent/Audio/Explosion_Cue.uasset
[2015.06.05-21.33.19:501][  0]LogPackFactory: Content/StarterContent/Audio/Fire01.uasset (549696) -> C:/Users/Aft3rm4thx/Documents/GitHub/enkindle/enkindle/Content/StarterContent/Audio/Fire01.uasset
[2015.06.05-21.33.19:503][  0]LogPackFactory: Content/StarterContent/Audio/Fire01_Cue.uasset (3894) -> C:/Users/Aft3rm4thx/Documents/GitHub/enkindle/enkindle/Content/StarterContent/Audio/Fire01_Cue.uasset
[2015.06.05-21.33.19:505][  0]LogPackFactory: Content/StarterContent/Audio/Fire_Sparks01.uasset (796274) -> C:/Users/Aft3rm4thx/Documents/GitHub/enkindle/enkindle/Content/StarterContent/Audio/Fire_Sparks01.uasset
[2015.06.05-21.33.19:507][  0]LogPackFactory: Content/StarterContent/Audio/Fire_Sparks01_Cue.uasset (3908) -> C:/Users/Aft3rm4thx/Documents/GitHub/enkindle/enkindle/Content/StarterContent/Audio/Fire_Sparks01_Cue.uasset
[2015.06.05-21.33.19:509][  0]LogPackFactory: Content/StarterContent/Audio/Light01.uasset (364532) -> C:/Users/Aft3rm4thx/Documents/GitHub/enkindle/enkindle/Content/StarterContent/Audio/Light01.uasset
[2015.06.05-21.33.19:511][  0]LogPackFactory: Content/StarterContent/Audio/Light01_Cue.uasset (3852) -> C:/Users/Aft3rm4thx/Documents/GitHub/enkindle/enkindle/Content/StarterContent/Audio/Light01_Cue.uasset
[2015.06.05-21.33.19:513][  0]LogPackFactory: Content/StarterContent/Audio/Light02.uasset (308156) -> C:/Users/Aft3rm4thx/Documents/GitHub/enkindle/enkindle/Content/StarterContent/Audio/Light02.uasset
[2015.06.05-21.33.19:514][  0]LogPackFactory: Content/StarterContent/Audio/Light02_Cue.uasset (3852) -> C:/Users/Aft3rm4thx/Documents/GitHub/enkindle/enkindle/Content/StarterContent/Audio/Light02_Cue.uasset
[2015.06.05-21.33.19:516][  0]LogPackFactory: Content/StarterContent/Audio/Smoke01.uasset (476002) -> C:/Users/Aft3rm4thx/Documents/GitHub/enkindle/enkindle/Content/StarterContent/Audio/Smoke01.uasset
[2015.06.05-21.33.19:518][  0]LogPackFactory: Content/StarterContent/Audio/Smoke01_Cue.uasset (3872) -> C:/Users/Aft3rm4thx/Documents/GitHub/enkindle/enkindle/Content/StarterContent/Audio/Smoke01_Cue.uasset
[2015.06.05-21.33.19:520][  0]LogPackFactory: Content/StarterContent/Audio/Starter_Background_Cue.uasset (9874) -> C:/Users/Aft3rm4thx/Documents/GitHub/enkindle/enkindle/Content/StarterContent/Audio/Starter_Background_Cue.uasset
[2015.06.05-21.33.19:521][  0]LogPackFactory: Content/StarterContent/Audio/Starter_Birds01.uasset (2689459) -> C:/Users/Aft3rm4thx/Documents/GitHub/enkindle/enkindle/Content/StarterContent/Audio/Starter_Birds01.uasset
[2015.06.05-21.33.19:525][  0]LogPackFactory: Content/StarterContent/Audio/Starter_Music01.uasset (8445372) -> C:/Users/Aft3rm4thx/Documents/GitHub/enkindle/enkindle/Content/StarterContent/Audio/Starter_Music01.uasset
[2015.06.05-21.33.19:534][  0]LogPackFactory: Content/StarterContent/Audio/Starter_Music_Cue.uasset (3390) -> C:/Users/Aft3rm4thx/Documents/GitHub/enkindle/enkindle/Content/StarterContent/Audio/Starter_Music_Cue.uasset
[2015.06.05-21.33.19:536][  0]LogPackFactory: Content/StarterContent/Audio/Starter_Wind05.uasset (2312702) -> C:/Users/Aft3rm4thx/Documents/GitHub/enkindle/enkindle/Content/StarterContent/Audio/Starter_Wind05.uasset
[2015.06.05-21.33.19:540][  0]LogPackFactory: Content/StarterContent/Audio/Starter_Wind06.uasset (2195539) -> C:/Users/Aft3rm4thx/Documents/GitHub/enkindle/enkindle/Content/StarterContent/Audio/Starter_Wind06.uasset
[2015.06.05-21.33.19:543][  0]LogPackFactory: Content/StarterContent/Audio/Steam01.uasset (819028) -> C:/Users/Aft3rm4thx/Documents/GitHub/enkindle/enkindle/Content/StarterContent/Audio/Steam01.uasset
[2015.06.05-21.33.19:545][  0]LogPackFactory: Content/StarterContent/Audio/Steam01_Cue.uasset (3900) -> C:/Users/Aft3rm4thx/Documents/GitHub/enkindle/enkindle/Content/StarterContent/Audio/Steam01_Cue.uasset
[2015.06.05-21.33.19:547][  0]LogPackFactory: Content/StarterContent/Blueprints/Assets/FogBrightnessLUT.uasset (1011) -> C:/Users/Aft3rm4thx/Documents/GitHub/enkindle/enkindle/Content/StarterContent/Blueprints/Assets/FogBrightnessLUT.uasset
[2015.06.05-21.33.19:549][  0]LogPackFactory: Content/StarterContent/Blueprints/Assets/M_LightStage_Arrows.uasset (44857) -> C:/Users/Aft3rm4thx/Documents/GitHub/enkindle/enkindle/Content/StarterContent/Blueprints/Assets/M_LightStage_Arrows.uasset
[2015.06.05-21.33.19:551][  0]LogPackFactory: Content/StarterContent/Blueprints/Assets/M_LightStage_Skybox_Black.uasset (67062) -> C:/Users/Aft3rm4thx/Documents/GitHub/enkindle/enkindle/Content/StarterContent/Blueprints/Assets/M_LightStage_Skybox_Black.uasset
[2015.06.05-21.33.19:553][  0]LogPackFactory: Content/StarterContent/Blueprints/Assets/M_LightStage_Skybox_HDRI.uasset (100458) -> C:/Users/Aft3rm4thx/Documents/GitHub/enkindle/enkindle/Content/StarterContent/Blueprints/Assets/M_LightStage_Skybox_HDRI.uasset
[2015.06.05-21.33.19:555][  0]LogPackFactory: Content/StarterContent/Blueprints/Assets/M_LightStage_Skybox_Master.uasset (75669) -> C:/Users/Aft3rm4thx/Documents/GitHub/enkindle/enkindle/Content/StarterContent/Blueprints/Assets/M_LightStage_Skybox_Master.uasset
[2015.06.05-21.33.19:556][  0]LogPackFactory: Content/StarterContent/Blueprints/Assets/Skybox.uasset (644855) -> C:/Users/Aft3rm4thx/Documents/GitHub/enkindle/enkindle/Content/StarterContent/Blueprints/Assets/Skybox.uasset
[2015.06.05-21.33.19:559][  0]LogPackFactory: Content/StarterContent/Blueprints/Assets/SM_Arrows.uasset (520136) -> C:/Users/Aft3rm4thx/Documents/GitHub/enkindle/enkindle/Content/StarterContent/Blueprints/Assets/SM_Arrows.uasset
[2015.06.05-21.33.19:561][  0]LogPackFactory: Content/StarterContent/Blueprints/Assets/SunlightColorLUT.uasset (1506) -> C:/Users/Aft3rm4thx/Documents/GitHub/enkindle/enkindle/Content/StarterContent/Blueprints/Assets/SunlightColorLUT.uasset
[2015.06.05-21.33.19:563][  0]LogPackFactory: Content/StarterContent/Blueprints/Blueprint_CeilingLight.uasset (66613) -> C:/Users/Aft3rm4thx/Documents/GitHub/enkindle/enkindle/Content/StarterContent/Blueprints/Blueprint_CeilingLight.uasset
[2015.06.05-21.33.19:565][  0]LogPackFactory: Content/StarterContent/Blueprints/Blueprint_Effect_Explosion.uasset (8324) -> C:/Users/Aft3rm4thx/Documents/GitHub/enkindle/enkindle/Content/StarterContent/Blueprints/Blueprint_Effect_Explosion.uasset
[2015.06.05-21.33.19:566][  0]LogPackFactory: Content/StarterContent/Blueprints/Blueprint_Effect_Fire.uasset (8332) -> C:/Users/Aft3rm4thx/Documents/GitHub/enkindle/enkindle/Content/StarterContent/Blueprints/Blueprint_Effect_Fire.uasset
[2015.06.05-21.33.19:568][  0]LogPackFactory: Content/StarterContent/Blueprints/Blueprint_Effect_Smoke.uasset (8346) -> C:/Users/Aft3rm4thx/Documents/GitHub/enkindle/enkindle/Content/StarterContent/Blueprints/Blueprint_Effect_Smoke.uasset
[2015.06.05-21.33.19:570][  0]LogPackFactory: Content/StarterContent/Blueprints/Blueprint_Effect_Sparks.uasset (8365) -> C:/Users/Aft3rm4thx/Documents/GitHub/enkindle/enkindle/Content/StarterContent/Blueprints/Blueprint_Effect_Sparks.uasset
[2015.06.05-21.33.19:572][  0]LogPackFactory: Content/StarterContent/Blueprints/Blueprint_Effect_Steam.uasset (8354) -> C:/Users/Aft3rm4thx/Documents/GitHub/enkindle/enkindle/Content/StarterContent/Blueprints/Blueprint_Effect_Steam.uasset
[2015.06.05-21.33.19:574][  0]LogPackFactory: Content/StarterContent/Blueprints/Blueprint_WallSconce.uasset (52866) -> C:/Users/Aft3rm4thx/Documents/GitHub/enkindle/enkindle/Content/StarterContent/Blueprints/Blueprint_WallSconce.uasset
[2015.06.05-21.33.19:575][  0]LogPackFactory: Content/StarterContent/Blueprints/BP_LightStudio.uasset (337416) -> C:/Users/Aft3rm4thx/Documents/GitHub/enkindle/enkindle/Content/StarterContent/Blueprints/BP_LightStudio.uasset
[2015.06.05-21.33.19:577][  0]LogPackFactory: Content/StarterContent/HDRI/HDRI_Epic_Courtyard_Daylight.uasset (72364642) -> C:/Users/Aft3rm4thx/Documents/GitHub/enkindle/enkindle/Content/StarterContent/HDRI/HDRI_Epic_Courtyard_Daylight.uasset
[2015.06.05-21.33.19:635][  0]LogPackFactory: Content/StarterContent/Maps/Advanced_Lighting.umap (223408) -> C:/Users/Aft3rm4thx/Documents/GitHub/enkindle/enkindle/Content/StarterContent/Maps/Advanced_Lighting.umap
[2015.06.05-21.33.19:638][  0]LogPackFactory: Content/StarterContent/Maps/Minimal_Default.umap (2154106) -> C:/Users/Aft3rm4thx/Documents/GitHub/enkindle/enkindle/Content/StarterContent/Maps/Minimal_Default.umap
[2015.06.05-21.33.19:641][  0]LogPackFactory: Content/StarterContent/Maps/StarterMap.umap (16371806) -> C:/Users/Aft3rm4thx/Documents/GitHub/enkindle/enkindle/Content/StarterContent/Maps/StarterMap.umap
[2015.06.05-21.33.19:657][  0]LogPackFactory: Content/StarterContent/Materials/M_AssetPlatform.uasset (68672) -> C:/Users/Aft3rm4thx/Documents/GitHub/enkindle/enkindle/Content/StarterContent/Materials/M_AssetPlatform.uasset
[2015.06.05-21.33.19:660][  0]LogPackFactory: Content/StarterContent/Materials/M_Basic_Floor.uasset (65286) -> C:/Users/Aft3rm4thx/Documents/GitHub/enkindle/enkindle/Content/StarterContent/Materials/M_Basic_Floor.uasset
[2015.06.05-21.33.19:662][  0]LogPackFactory: Content/StarterContent/Materials/M_Basic_Wall.uasset (55455) -> C:/Users/Aft3rm4thx/Documents/GitHub/enkindle/enkindle/Content/StarterContent/Materials/M_Basic_Wall.uasset
[2015.06.05-21.33.19:664][  0]LogPackFactory: Content/StarterContent/Materials/M_Brick_Clay_Beveled.uasset (100568) -> C:/Users/Aft3rm4thx/Documents/GitHub/enkindle/enkindle/Content/StarterContent/Materials/M_Brick_Clay_Beveled.uasset
[2015.06.05-21.33.19:665][  0]LogPackFactory: Content/StarterContent/Materials/M_Brick_Clay_New.uasset (130734) -> C:/Users/Aft3rm4thx/Documents/GitHub/enkindle/enkindle/Content/StarterContent/Materials/M_Brick_Clay_New.uasset
[2015.06.05-21.33.19:667][  0]LogPackFactory: Content/StarterContent/Materials/M_Brick_Clay_Old.uasset (123390) -> C:/Users/Aft3rm4thx/Documents/GitHub/enkindle/enkindle/Content/StarterContent/Materials/M_Brick_Clay_Old.uasset
[2015.06.05-21.33.19:669][  0]LogPackFactory: Content/StarterContent/Materials/M_Brick_Cut_Stone.uasset (122803) -> C:/Users/Aft3rm4thx/Documents/GitHub/enkindle/enkindle/Content/StarterContent/Materials/M_Brick_Cut_Stone.uasset
[2015.06.05-21.33.19:671][  0]LogPackFactory: Content/StarterContent/Materials/M_Brick_Hewn_Stone.uasset (90915) -> C:/Users/Aft3rm4thx/Documents/GitHub/enkindle/enkindle/Content/StarterContent/Materials/M_Brick_Hewn_Stone.uasset
[2015.06.05-21.33.19:673][  0]LogPackFactory: Content/StarterContent/Materials/M_Ceramic_Tile_Checker.uasset (91562) -> C:/Users/Aft3rm4thx/Documents/GitHub/enkindle/enkindle/Content/StarterContent/Materials/M_Ceramic_Tile_Checker.uasset
[2015.06.05-21.33.19:674][  0]LogPackFactory: Content/StarterContent/Materials/M_CobbleStone_Pebble.uasset (122364) -> C:/Users/Aft3rm4thx/Documents/GitHub/enkindle/enkindle/Content/StarterContent/Materials/M_CobbleStone_Pebble.uasset
[2015.06.05-21.33.19:676][  0]LogPackFactory: Content/StarterContent/Materials/M_CobbleStone_Rough.uasset (199387) -> C:/Users/Aft3rm4thx/Documents/GitHub/enkindle/enkindle/Content/StarterContent/Materials/M_CobbleStone_Rough.uasset
[2015.06.05-21.33.19:678][  0]LogPackFactory: Content/StarterContent/Materials/M_CobbleStone_Smooth.uasset (206806) -> C:/Users/Aft3rm4thx/Documents/GitHub/enkindle/enkindle/Content/StarterContent/Materials/M_CobbleStone_Smooth.uasset
[2015.06.05-21.33.19:680][  0]LogPackFactory: Content/StarterContent/Materials/M_ColorGrid_LowSpec.uasset (85099) -> C:/Users/Aft3rm4thx/Documents/GitHub/enkindle/enkindle/Content/StarterContent/Materials/M_ColorGrid_LowSpec.uasset
[2015.06.05-21.33.19:681][  0]LogPackFactory: Content/StarterContent/Materials/M_Concrete_Grime.uasset (91620) -> C:/Users/Aft3rm4thx/Documents/GitHub/enkindle/enkindle/Content/StarterContent/Materials/M_Concrete_Grime.uasset
[2015.06.05-21.33.19:683][  0]LogPackFactory: Content/StarterContent/Materials/M_Concrete_Panels.uasset (102285) -> C:/Users/Aft3rm4thx/Documents/GitHub/enkindle/enkindle/Content/StarterContent/Materials/M_Concrete_Panels.uasset
[2015.06.05-21.33.19:685][  0]LogPackFactory: Content/StarterContent/Materials/M_Concrete_Poured.uasset (104859) -> C:/Users/Aft3rm4thx/Documents/GitHub/enkindle/enkindle/Content/StarterContent/Materials/M_Concrete_Poured.uasset
[2015.06.05-21.33.19:686][  0]LogPackFactory: Content/StarterContent/Materials/M_Concrete_Tiles.uasset (105831) -> C:/Users/Aft3rm4thx/Documents/GitHub/enkindle/enkindle/Content/StarterContent/Materials/M_Concrete_Tiles.uasset
[2015.06.05-21.33.19:688][  0]LogPackFactory: Content/StarterContent/Materials/M_Glass.uasset (48151) -> C:/Users/Aft3rm4thx/Documents/GitHub/enkindle/enkindle/Content/StarterContent/Materials/M_Glass.uasset
[2015.06.05-21.33.19:690][  0]LogPackFactory: Content/StarterContent/Materials/M_Ground_Grass.uasset (95378) -> C:/Users/Aft3rm4thx/Documents/GitHub/enkindle/enkindle/Content/StarterContent/Materials/M_Ground_Grass.uasset
[2015.06.05-21.33.19:692][  0]LogPackFactory: Content/StarterContent/Materials/M_Ground_Gravel.uasset (120447) -> C:/Users/Aft3rm4thx/Documents/GitHub/enkindle/enkindle/Content/StarterContent/Materials/M_Ground_Gravel.uasset
[2015.06.05-21.33.19:693][  0]LogPackFactory: Content/StarterContent/Materials/M_Ground_Moss.uasset (128000) -> C:/Users/Aft3rm4thx/Documents/GitHub/enkindle/enkindle/Content/StarterContent/Materials/M_Ground_Moss.uasset
[2015.06.05-21.33.19:695][  0]LogPackFactory: Content/StarterContent/Materials/M_Metal_Brushed_Nickel.uasset (79826) -> C:/Users/Aft3rm4thx/Documents/GitHub/enkindle/enkindle/Content/StarterContent/Materials/M_Metal_Brushed_Nickel.uasset
[2015.06.05-21.33.19:697][  0]LogPackFactory: Content/StarterContent/Materials/M_Metal_Burnished_Steel.uasset (97779) -> C:/Users/Aft3rm4thx/Documents/GitHub/enkindle/enkindle/Content/StarterContent/Materials/M_Metal_Burnished_Steel.uasset
[2015.06.05-21.33.19:699][  0]LogPackFactory: Content/StarterContent/Materials/M_Metal_Chrome.uasset (79618) -> C:/Users/Aft3rm4thx/Documents/GitHub/enkindle/enkindle/Content/StarterContent/Materials/M_Metal_Chrome.uasset
[2015.06.05-21.33.19:700][  0]LogPackFactory: Content/StarterContent/Materials/M_Metal_Copper.uasset (94475) -> C:/Users/Aft3rm4thx/Documents/GitHub/enkindle/enkindle/Content/StarterContent/Materials/M_Metal_Copper.uasset
[2015.06.05-21.33.19:702][  0]LogPackFactory: Content/StarterContent/Materials/M_Metal_Gold.uasset (96084) -> C:/Users/Aft3rm4thx/Documents/GitHub/enkindle/enkindle/Content/StarterContent/Materials/M_Metal_Gold.uasset
[2015.06.05-21.33.19:704][  0]LogPackFactory: Content/StarterContent/Materials/M_Metal_Rust.uasset (109365) -> C:/Users/Aft3rm4thx/Documents/GitHub/enkindle/enkindle/Content/StarterContent/Materials/M_Metal_Rust.uasset
[2015.06.05-21.33.19:706][  0]LogPackFactory: Content/StarterContent/Materials/M_Metal_Steel.uasset (96230) -> C:/Users/Aft3rm4thx/Documents/GitHub/enkindle/enkindle/Content/StarterContent/Materials/M_Metal_Steel.uasset
[2015.06.05-21.33.19:708][  0]LogPackFactory: Content/StarterContent/Materials/M_Rock_Basalt.uasset (121462) -> C:/Users/Aft3rm4thx/Documents/GitHub/enkindle/enkindle/Content/StarterContent/Materials/M_Rock_Basalt.uasset
[2015.06.05-21.33.19:709][  0]LogPackFactory: Content/StarterContent/Materials/M_Rock_Marble_Polished.uasset (98409) -> C:/Users/Aft3rm4thx/Documents/GitHub/enkindle/enkindle/Content/StarterContent/Materials/M_Rock_Marble_Polished.uasset
[2015.06.05-21.33.19:711][  0]LogPackFactory: Content/StarterContent/Materials/M_Rock_Sandstone.uasset (113552) -> C:/Users/Aft3rm4thx/Documents/GitHub/enkindle/enkindle/Content/StarterContent/Materials/M_Rock_Sandstone.uasset
[2015.06.05-21.33.19:713][  0]LogPackFactory: Content/StarterContent/Materials/M_Rock_Slate.uasset (110874) -> C:/Users/Aft3rm4thx/Documents/GitHub/enkindle/enkindle/Content/StarterContent/Materials/M_Rock_Slate.uasset
[2015.06.05-21.33.19:714][  0]LogPackFactory: Content/StarterContent/Materials/M_Tech_Checker_Dot.uasset (98373) -> C:/Users/Aft3rm4thx/Documents/GitHub/enkindle/enkindle/Content/StarterContent/Materials/M_Tech_Checker_Dot.uasset
[2015.06.05-21.33.19:716][  0]LogPackFactory: Content/StarterContent/Materials/M_Tech_Hex_Tile.uasset (140303) -> C:/Users/Aft3rm4thx/Documents/GitHub/enkindle/enkindle/Content/StarterContent/Materials/M_Tech_Hex_Tile.uasset
[2015.06.05-21.33.19:718][  0]LogPackFactory: Content/StarterContent/Materials/M_Tech_Hex_Tile_Pulse.uasset (115223) -> C:/Users/Aft3rm4thx/Documents/GitHub/enkindle/enkindle/Content/StarterContent/Materials/M_Tech_Hex_Tile_Pulse.uasset
[2015.06.05-21.33.19:720][  0]LogPackFactory: Content/StarterContent/Materials/M_Tech_Panel.uasset (98003) -> C:/Users/Aft3rm4thx/Documents/GitHub/enkindle/enkindle/Content/StarterContent/Materials/M_Tech_Panel.uasset
[2015.06.05-21.33.19:721][  0]LogPackFactory: Content/StarterContent/Materials/M_Water_Lake.uasset (96267) -> C:/Users/Aft3rm4thx/Documents/GitHub/enkindle/enkindle/Content/StarterContent/Materials/M_Water_Lake.uasset
[2015.06.05-21.33.19:723][  0]LogPackFactory: Content/StarterContent/Materials/M_Water_Ocean.uasset (100717) -> C:/Users/Aft3rm4thx/Documents/GitHub/enkindle/enkindle/Content/StarterContent/Materials/M_Water_Ocean.uasset
[2015.06.05-21.33.19:725][  0]LogPackFactory: Content/StarterContent/Materials/M_Wood_Floor_Walnut_Polished.uasset (82816) -> C:/Users/Aft3rm4thx/Documents/GitHub/enkindle/enkindle/Content/StarterContent/Materials/M_Wood_Floor_Walnut_Polished.uasset
[2015.06.05-21.33.19:727][  0]LogPackFactory: Content/StarterContent/Materials/M_Wood_Floor_Walnut_Worn.uasset (100628) -> C:/Users/Aft3rm4thx/Documents/GitHub/enkindle/enkindle/Content/StarterContent/Materials/M_Wood_Floor_Walnut_Worn.uasset
[2015.06.05-21.33.19:729][  0]LogPackFactory: Content/StarterContent/Materials/M_Wood_Oak.uasset (107121) -> C:/Users/Aft3rm4thx/Documents/GitHub/enkindle/enkindle/Content/StarterContent/Materials/M_Wood_Oak.uasset
[2015.06.05-21.33.19:730][  0]LogPackFactory: Content/StarterContent/Materials/M_Wood_Pine.uasset (97740) -> C:/Users/Aft3rm4thx/Documents/GitHub/enkindle/enkindle/Content/StarterContent/Materials/M_Wood_Pine.uasset
[2015.06.05-21.33.19:732][  0]LogPackFactory: Content/StarterContent/Materials/M_Wood_Walnut.uasset (93022) -> C:/Users/Aft3rm4thx/Documents/GitHub/enkindle/enkindle/Content/StarterContent/Materials/M_Wood_Walnut.uasset
[2015.06.05-21.33.19:734][  0]LogPackFactory: Content/StarterContent/Particles/Materials/M_Burst.uasset (43524) -> C:/Users/Aft3rm4thx/Documents/GitHub/enkindle/enkindle/Content/StarterContent/Particles/Materials/M_Burst.uasset
[2015.06.05-21.33.19:736][  0]LogPackFactory: Content/StarterContent/Particles/Materials/M_Dust_Particle.uasset (40952) -> C:/Users/Aft3rm4thx/Documents/GitHub/enkindle/enkindle/Content/StarterContent/Particles/Materials/M_Dust_Particle.uasset
[2015.06.05-21.33.19:738][  0]LogPackFactory: Content/StarterContent/Particles/Materials/M_explosion_subUV.uasset (62151) -> C:/Users/Aft3rm4thx/Documents/GitHub/enkindle/enkindle/Content/StarterContent/Particles/Materials/M_explosion_subUV.uasset
[2015.06.05-21.33.19:740][  0]LogPackFactory: Content/StarterContent/Particles/Materials/M_Fire_SubUV.uasset (62224) -> C:/Users/Aft3rm4thx/Documents/GitHub/enkindle/enkindle/Content/StarterContent/Particles/Materials/M_Fire_SubUV.uasset
[2015.06.05-21.33.19:741][  0]LogPackFactory: Content/StarterContent/Particles/Materials/m_flare_01.uasset (48172) -> C:/Users/Aft3rm4thx/Documents/GitHub/enkindle/enkindle/Content/StarterContent/Particles/Materials/m_flare_01.uasset
[2015.06.05-21.33.19:743][  0]LogPackFactory: Content/StarterContent/Particles/Materials/M_Heat_Distortion.uasset (38287) -> C:/Users/Aft3rm4thx/Documents/GitHub/enkindle/enkindle/Content/StarterContent/Particles/Materials/M_Heat_Distortion.uasset
[2015.06.05-21.33.19:745][  0]LogPackFactory: Content/StarterContent/Particles/Materials/M_Radial_Gradient.uasset (41181) -> C:/Users/Aft3rm4thx/Documents/GitHub/enkindle/enkindle/Content/StarterContent/Particles/Materials/M_Radial_Gradient.uasset
[2015.06.05-21.33.19:747][  0]LogPackFactory: Content/StarterContent/Particles/Materials/M_radial_ramp.uasset (41193) -> C:/Users/Aft3rm4thx/Documents/GitHub/enkindle/enkindle/Content/StarterContent/Particles/Materials/M_radial_ramp.uasset
[2015.06.05-21.33.19:749][  0]LogPackFactory: Content/StarterContent/Particles/Materials/M_smoke_subUV.uasset (76603) -> C:/Users/Aft3rm4thx/Documents/GitHub/enkindle/enkindle/Content/StarterContent/Particles/Materials/M_smoke_subUV.uasset
[2015.06.05-21.33.19:750][  0]LogPackFactory: Content/StarterContent/Particles/Materials/M_Spark.uasset (43678) -> C:/Users/Aft3rm4thx/Documents/GitHub/enkindle/enkindle/Content/StarterContent/Particles/Materials/M_Spark.uasset
[2015.06.05-21.33.19:752][  0]LogPackFactory: Content/StarterContent/Particles/P_Ambient_Dust.uasset (43456) -> C:/Users/Aft3rm4thx/Documents/GitHub/enkindle/enkindle/Content/StarterContent/Particles/P_Ambient_Dust.uasset
[2015.06.05-21.33.19:754][  0]LogPackFactory: Content/StarterContent/Particles/P_Explosion.uasset (280221) -> C:/Users/Aft3rm4thx/Documents/GitHub/enkindle/enkindle/Content/StarterContent/Particles/P_Explosion.uasset
[2015.06.05-21.33.19:756][  0]LogPackFactory: Content/StarterContent/Particles/P_Fire.uasset (259431) -> C:/Users/Aft3rm4thx/Documents/GitHub/enkindle/enkindle/Content/StarterContent/Particles/P_Fire.uasset
[2015.06.05-21.33.19:758][  0]LogPackFactory: Content/StarterContent/Particles/P_Smoke.uasset (65670) -> C:/Users/Aft3rm4thx/Documents/GitHub/enkindle/enkindle/Content/StarterContent/Particles/P_Smoke.uasset
[2015.06.05-21.33.19:759][  0]LogPackFactory: Content/StarterContent/Particles/P_Sparks.uasset (171805) -> C:/Users/Aft3rm4thx/Documents/GitHub/enkindle/enkindle/Content/StarterContent/Particles/P_Sparks.uasset
[2015.06.05-21.33.19:761][  0]LogPackFactory: Content/StarterContent/Particles/P_Steam_Lit.uasset (117332) -> C:/Users/Aft3rm4thx/Documents/GitHub/enkindle/enkindle/Content/StarterContent/Particles/P_Steam_Lit.uasset
[2015.06.05-21.33.19:763][  0]LogPackFactory: Content/StarterContent/Props/Materials/M_Bush.uasset (99988) -> C:/Users/Aft3rm4thx/Documents/GitHub/enkindle/enkindle/Content/StarterContent/Props/Materials/M_Bush.uasset
[2015.06.05-21.33.19:765][  0]LogPackFactory: Content/StarterContent/Props/Materials/M_Chair.uasset (90187) -> C:/Users/Aft3rm4thx/Documents/GitHub/enkindle/enkindle/Content/StarterContent/Props/Materials/M_Chair.uasset
[2015.06.05-21.33.19:766][  0]LogPackFactory: Content/StarterContent/Props/Materials/M_Door.uasset (87249) -> C:/Users/Aft3rm4thx/Documents/GitHub/enkindle/enkindle/Content/StarterContent/Props/Materials/M_Door.uasset
[2015.06.05-21.33.19:768][  0]LogPackFactory: Content/StarterContent/Props/Materials/M_Frame.uasset (78682) -> C:/Users/Aft3rm4thx/Documents/GitHub/enkindle/enkindle/Content/StarterContent/Props/Materials/M_Frame.uasset
[2015.06.05-21.33.19:770][  0]LogPackFactory: Content/StarterContent/Props/Materials/M_Lamp.uasset (90486) -> C:/Users/Aft3rm4thx/Documents/GitHub/enkindle/enkindle/Content/StarterContent/Props/Materials/M_Lamp.uasset
[2015.06.05-21.33.19:772][  0]LogPackFactory: Content/StarterContent/Props/Materials/M_MaterialSphere.uasset (66766) -> C:/Users/Aft3rm4thx/Documents/GitHub/enkindle/enkindle/Content/StarterContent/Props/Materials/M_MaterialSphere.uasset
[2015.06.05-21.33.19:774][  0]LogPackFactory: Content/StarterContent/Props/Materials/M_MaterialSphere_Plain.uasset (58832) -> C:/Users/Aft3rm4thx/Documents/GitHub/enkindle/enkindle/Content/StarterContent/Props/Materials/M_MaterialSphere_Plain.uasset
[2015.06.05-21.33.19:776][  0]LogPackFactory: Content/StarterContent/Props/Materials/M_Rock.uasset (114715) -> C:/Users/Aft3rm4thx/Documents/GitHub/enkindle/enkindle/Content/StarterContent/Props/Materials/M_Rock.uasset
[2015.06.05-21.33.19:777][  0]LogPackFactory: Content/StarterContent/Props/Materials/M_Shelf.uasset (78255) -> C:/Users/Aft3rm4thx/Documents/GitHub/enkindle/enkindle/Content/StarterContent/Props/Materials/M_Shelf.uasset
[2015.06.05-21.33.19:779][  0]LogPackFactory: Content/StarterContent/Props/Materials/M_Statue.uasset (72790) -> C:/Users/Aft3rm4thx/Documents/GitHub/enkindle/enkindle/Content/StarterContent/Props/Materials/M_Statue.uasset
[2015.06.05-21.33.19:781][  0]LogPackFactory: Content/StarterContent/Props/Materials/M_StatueGlass.uasset (56436) -> C:/Users/Aft3rm4thx/Documents/GitHub/enkindle/enkindle/Content/StarterContent/Props/Materials/M_StatueGlass.uasset
[2015.06.05-21.33.19:783][  0]LogPackFactory: Content/StarterContent/Props/Materials/M_TableRound.uasset (89531) -> C:/Users/Aft3rm4thx/Documents/GitHub/enkindle/enkindle/Content/StarterContent/Props/Materials/M_TableRound.uasset
[2015.06.05-21.33.19:785][  0]LogPackFactory: Content/StarterContent/Props/MaterialSphere.uasset (174533) -> C:/Users/Aft3rm4thx/Documents/GitHub/enkindle/enkindle/Content/StarterContent/Props/MaterialSphere.uasset
[2015.06.05-21.33.19:786][  0]LogPackFactory: Content/StarterContent/Props/SM_Bush.uasset (152902) -> C:/Users/Aft3rm4thx/Documents/GitHub/enkindle/enkindle/Content/StarterContent/Props/SM_Bush.uasset
[2015.06.05-21.33.19:788][  0]LogPackFactory: Content/StarterContent/Props/SM_Chair.uasset (213058) -> C:/Users/Aft3rm4thx/Documents/GitHub/enkindle/enkindle/Content/StarterContent/Props/SM_Chair.uasset
[2015.06.05-21.33.19:790][  0]LogPackFactory: Content/StarterContent/Props/SM_CornerFrame.uasset (104587) -> C:/Users/Aft3rm4thx/Documents/GitHub/enkindle/enkindle/Content/StarterContent/Props/SM_CornerFrame.uasset
[2015.06.05-21.33.19:792][  0]LogPackFactory: Content/StarterContent/Props/SM_Couch.uasset (254658) -> C:/Users/Aft3rm4thx/Documents/GitHub/enkindle/enkindle/Content/StarterContent/Props/SM_Couch.uasset
[2015.06.05-21.33.19:793][  0]LogPackFactory: Content/StarterContent/Props/SM_Door.uasset (214917) -> C:/Users/Aft3rm4thx/Documents/GitHub/enkindle/enkindle/Content/StarterContent/Props/SM_Door.uasset
[2015.06.05-21.33.19:795][  0]LogPackFactory: Content/StarterContent/Props/SM_DoorFrame.uasset (65546) -> C:/Users/Aft3rm4thx/Documents/GitHub/enkindle/enkindle/Content/StarterContent/Props/SM_DoorFrame.uasset
[2015.06.05-21.33.19:797][  0]LogPackFactory: Content/StarterContent/Props/SM_GlassWindow.uasset (97538) -> C:/Users/Aft3rm4thx/Documents/GitHub/enkindle/enkindle/Content/StarterContent/Props/SM_GlassWindow.uasset
[2015.06.05-21.33.19:798][  0]LogPackFactory: Content/StarterContent/Props/SM_Lamp_Ceiling.uasset (318571) -> C:/Users/Aft3rm4thx/Documents/GitHub/enkindle/enkindle/Content/StarterContent/Props/SM_Lamp_Ceiling.uasset
[2015.06.05-21.33.19:800][  0]LogPackFactory: Content/StarterContent/Props/SM_Lamp_Wall.uasset (140246) -> C:/Users/Aft3rm4thx/Documents/GitHub/enkindle/enkindle/Content/StarterContent/Props/SM_Lamp_Wall.uasset
[2015.06.05-21.33.19:802][  0]LogPackFactory: Content/StarterContent/Props/SM_MatPreviewMesh_02.uasset (2396647) -> C:/Users/Aft3rm4thx/Documents/GitHub/enkindle/enkindle/Content/StarterContent/Props/SM_MatPreviewMesh_02.uasset
[2015.06.05-21.33.19:805][  0]LogPackFactory: Content/StarterContent/Props/SM_PillarFrame.uasset (127007) -> C:/Users/Aft3rm4thx/Documents/GitHub/enkindle/enkindle/Content/StarterContent/Props/SM_PillarFrame.uasset
[2015.06.05-21.33.19:807][  0]LogPackFactory: Content/StarterContent/Props/SM_PillarFrame300.uasset (124350) -> C:/Users/Aft3rm4thx/Documents/GitHub/enkindle/enkindle/Content/StarterContent/Props/SM_PillarFrame300.uasset
[2015.06.05-21.33.19:809][  0]LogPackFactory: Content/StarterContent/Props/SM_Rock.uasset (175516) -> C:/Users/Aft3rm4thx/Documents/GitHub/enkindle/enkindle/Content/StarterContent/Props/SM_Rock.uasset
[2015.06.05-21.33.19:810][  0]LogPackFactory: Content/StarterContent/Props/SM_Shelf.uasset (108862) -> C:/Users/Aft3rm4thx/Documents/GitHub/enkindle/enkindle/Content/StarterContent/Props/SM_Shelf.uasset
[2015.06.05-21.33.19:812][  0]LogPackFactory: Content/StarterContent/Props/SM_Stairs.uasset (66807) -> C:/Users/Aft3rm4thx/Documents/GitHub/enkindle/enkindle/Content/StarterContent/Props/SM_Stairs.uasset
[2015.06.05-21.33.19:814][  0]LogPackFactory: Content/StarterContent/Props/SM_Statue.uasset (537153) -> C:/Users/Aft3rm4thx/Documents/GitHub/enkindle/enkindle/Content/StarterContent/Props/SM_Statue.uasset
[2015.06.05-21.33.19:816][  0]LogPackFactory: Content/StarterContent/Props/SM_TableRound.uasset (528732) -> C:/Users/Aft3rm4thx/Documents/GitHub/enkindle/enkindle/Content/StarterContent/Props/SM_TableRound.uasset
[2015.06.05-21.33.19:818][  0]LogPackFactory: Content/StarterContent/Props/SM_WindowFrame.uasset (68758) -> C:/Users/Aft3rm4thx/Documents/GitHub/enkindle/enkindle/Content/StarterContent/Props/SM_WindowFrame.uasset
[2015.06.05-21.33.19:820][  0]LogPackFactory: Content/StarterContent/Shapes/Shape_Cone.uasset (94233) -> C:/Users/Aft3rm4thx/Documents/GitHub/enkindle/enkindle/Content/StarterContent/Shapes/Shape_Cone.uasset
[2015.06.05-21.33.19:821][  0]LogPackFactory: Content/StarterContent/Shapes/Shape_Cube.uasset (45498) -> C:/Users/Aft3rm4thx/Documents/GitHub/enkindle/enkindle/Content/StarterContent/Shapes/Shape_Cube.uasset
[2015.06.05-21.33.19:823][  0]LogPackFactory: Content/StarterContent/Shapes/Shape_Cylinder.uasset (109276) -> C:/Users/Aft3rm4thx/Documents/GitHub/enkindle/enkindle/Content/StarterContent/Shapes/Shape_Cylinder.uasset
[2015.06.05-21.33.19:825][  0]LogPackFactory: Content/StarterContent/Shapes/Shape_NarrowCapsule.uasset (211325) -> C:/Users/Aft3rm4thx/Documents/GitHub/enkindle/enkindle/Content/StarterContent/Shapes/Shape_NarrowCapsule.uasset
[2015.06.05-21.33.19:827][  0]LogPackFactory: Content/StarterContent/Shapes/Shape_Pipe.uasset (78407) -> C:/Users/Aft3rm4thx/Documents/GitHub/enkindle/enkindle/Content/StarterContent/Shapes/Shape_Pipe.uasset
[2015.06.05-21.33.19:828][  0]LogPackFactory: Content/StarterContent/Shapes/Shape_Pipe_180.uasset (193692) -> C:/Users/Aft3rm4thx/Documents/GitHub/enkindle/enkindle/Content/StarterContent/Shapes/Shape_Pipe_180.uasset
[2015.06.05-21.33.19:830][  0]LogPackFactory: Content/StarterContent/Shapes/Shape_Pipe_90.uasset (120200) -> C:/Users/Aft3rm4thx/Documents/GitHub/enkindle/enkindle/Content/StarterContent/Shapes/Shape_Pipe_90.uasset
[2015.06.05-21.33.19:832][  0]LogPackFactory: Content/StarterContent/Shapes/Shape_Plane.uasset (43121) -> C:/Users/Aft3rm4thx/Documents/GitHub/enkindle/enkindle/Content/StarterContent/Shapes/Shape_Plane.uasset
[2015.06.05-21.33.19:833][  0]LogPackFactory: Content/StarterContent/Shapes/Shape_QuadPyramid.uasset (43744) -> C:/Users/Aft3rm4thx/Documents/GitHub/enkindle/enkindle/Content/StarterContent/Shapes/Shape_QuadPyramid.uasset
[2015.06.05-21.33.19:835][  0]LogPackFactory: Content/StarterContent/Shapes/Shape_Sphere.uasset (264634) -> C:/Users/Aft3rm4thx/Documents/GitHub/enkindle/enkindle/Content/StarterContent/Shapes/Shape_Sphere.uasset
[2015.06.05-21.33.19:837][  0]LogPackFactory: Content/StarterContent/Shapes/Shape_Torus.uasset (558042) -> C:/Users/Aft3rm4thx/Documents/GitHub/enkindle/enkindle/Content/StarterContent/Shapes/Shape_Torus.uasset
[2015.06.05-21.33.19:839][  0]LogPackFactory: Content/StarterContent/Shapes/Shape_Trim.uasset (51867) -> C:/Users/Aft3rm4thx/Documents/GitHub/enkindle/enkindle/Content/StarterContent/Shapes/Shape_Trim.uasset
[2015.06.05-21.33.19:840][  0]LogPackFactory: Content/StarterContent/Shapes/Shape_Trim_90_In.uasset (74804) -> C:/Users/Aft3rm4thx/Documents/GitHub/enkindle/enkindle/Content/StarterContent/Shapes/Shape_Trim_90_In.uasset
[2015.06.05-21.33.19:842][  0]LogPackFactory: Content/StarterContent/Shapes/Shape_Trim_90_Out.uasset (75706) -> C:/Users/Aft3rm4thx/Documents/GitHub/enkindle/enkindle/Content/StarterContent/Shapes/Shape_Trim_90_Out.uasset
[2015.06.05-21.33.19:844][  0]LogPackFactory: Content/StarterContent/Shapes/Shape_TriPyramid.uasset (41629) -> C:/Users/Aft3rm4thx/Documents/GitHub/enkindle/enkindle/Content/StarterContent/Shapes/Shape_TriPyramid.uasset
[2015.06.05-21.33.19:845][  0]LogPackFactory: Content/StarterContent/Shapes/Shape_Tube.uasset (190123) -> C:/Users/Aft3rm4thx/Documents/GitHub/enkindle/enkindle/Content/StarterContent/Shapes/Shape_Tube.uasset
[2015.06.05-21.33.19:847][  0]LogPackFactory: Content/StarterContent/Shapes/Shape_Wedge_A.uasset (45020) -> C:/Users/Aft3rm4thx/Documents/GitHub/enkindle/enkindle/Content/StarterContent/Shapes/Shape_Wedge_A.uasset
[2015.06.05-21.33.19:849][  0]LogPackFactory: Content/StarterContent/Shapes/Shape_Wedge_B.uasset (40642) -> C:/Users/Aft3rm4thx/Documents/GitHub/enkindle/enkindle/Content/StarterContent/Shapes/Shape_Wedge_B.uasset
[2015.06.05-21.33.19:850][  0]LogPackFactory: Content/StarterContent/Shapes/Shape_WideCapsule.uasset (150007) -> C:/Users/Aft3rm4thx/Documents/GitHub/enkindle/enkindle/Content/StarterContent/Shapes/Shape_WideCapsule.uasset
[2015.06.05-21.33.19:852][  0]LogPackFactory: Content/StarterContent/Textures/Metal_Tile_2.uasset (446) -> C:/Users/Aft3rm4thx/Documents/GitHub/enkindle/enkindle/Content/StarterContent/Textures/Metal_Tile_2.uasset
[2015.06.05-21.33.19:854][  0]LogPackFactory: Content/StarterContent/Textures/Metal_Tile_2_N.uasset (450) -> C:/Users/Aft3rm4thx/Documents/GitHub/enkindle/enkindle/Content/StarterContent/Textures/Metal_Tile_2_N.uasset
[2015.06.05-21.33.19:855][  0]LogPackFactory: Content/StarterContent/Textures/Sky54a2048.uasset (446) -> C:/Users/Aft3rm4thx/Documents/GitHub/enkindle/enkindle/Content/StarterContent/Textures/Sky54a2048.uasset
[2015.06.05-21.33.19:857][  0]LogPackFactory: Content/StarterContent/Textures/Sky54a2048LDR.uasset (449) -> C:/Users/Aft3rm4thx/Documents/GitHub/enkindle/enkindle/Content/StarterContent/Textures/Sky54a2048LDR.uasset
[2015.06.05-21.33.19:859][  0]LogPackFactory: Content/StarterContent/Textures/T_ArmorMetal01.uasset (450) -> C:/Users/Aft3rm4thx/Documents/GitHub/enkindle/enkindle/Content/StarterContent/Textures/T_ArmorMetal01.uasset
[2015.06.05-21.33.19:860][  0]LogPackFactory: Content/StarterContent/Textures/T_ArmorMetal01_N.uasset (452) -> C:/Users/Aft3rm4thx/Documents/GitHub/enkindle/enkindle/Content/StarterContent/Textures/T_ArmorMetal01_N.uasset
[2015.06.05-21.33.19:862][  0]LogPackFactory: Content/StarterContent/Textures/T_Bark02_D.uasset (446) -> C:/Users/Aft3rm4thx/Documents/GitHub/enkindle/enkindle/Content/StarterContent/Textures/T_Bark02_D.uasset
[2015.06.05-21.33.19:864][  0]LogPackFactory: Content/StarterContent/Textures/T_Bark02_N.uasset (446) -> C:/Users/Aft3rm4thx/Documents/GitHub/enkindle/enkindle/Content/StarterContent/Textures/T_Bark02_N.uasset
[2015.06.05-21.33.19:865][  0]LogPackFactory: Content/StarterContent/Textures/T_Base_Metal_Gray_D.uasset (455) -> C:/Users/Aft3rm4thx/Documents/GitHub/enkindle/enkindle/Content/StarterContent/Textures/T_Base_Metal_Gray_D.uasset
[2015.06.05-21.33.19:867][  0]LogPackFactory: Content/StarterContent/Textures/T_Base_Metal_Gray_N.uasset (455) -> C:/Users/Aft3rm4thx/Documents/GitHub/enkindle/enkindle/Content/StarterContent/Textures/T_Base_Metal_Gray_N.uasset
[2015.06.05-21.33.19:868][  0]LogPackFactory: Content/StarterContent/Textures/T_Brick_Clay_Beveled_D.uasset (7649619) -> C:/Users/Aft3rm4thx/Documents/GitHub/enkindle/enkindle/Content/StarterContent/Textures/T_Brick_Clay_Beveled_D.uasset
[2015.06.05-21.33.19:876][  0]LogPackFactory: Content/StarterContent/Textures/T_Brick_Clay_Beveled_M.uasset (8326301) -> C:/Users/Aft3rm4thx/Documents/GitHub/enkindle/enkindle/Content/StarterContent/Textures/T_Brick_Clay_Beveled_M.uasset
[2015.06.05-21.33.19:884][  0]LogPackFactory: Content/StarterContent/Textures/T_Brick_Clay_Beveled_N.uasset (7553391) -> C:/Users/Aft3rm4thx/Documents/GitHub/enkindle/enkindle/Content/StarterContent/Textures/T_Brick_Clay_Beveled_N.uasset
[2015.06.05-21.33.19:891][  0]LogPackFactory: Content/StarterContent/Textures/T_Brick_Clay_New_D.uasset (6035708) -> C:/Users/Aft3rm4thx/Documents/GitHub/enkindle/enkindle/Content/StarterContent/Textures/T_Brick_Clay_New_D.uasset
[2015.06.05-21.33.19:897][  0]LogPackFactory: Content/StarterContent/Textures/T_Brick_Clay_New_M.uasset (9201530) -> C:/Users/Aft3rm4thx/Documents/GitHub/enkindle/enkindle/Content/StarterContent/Textures/T_Brick_Clay_New_M.uasset
[2015.06.05-21.33.19:906][  0]LogPackFactory: Content/StarterContent/Textures/T_Brick_Clay_New_N.uasset (7865847) -> C:/Users/Aft3rm4thx/Documents/GitHub/enkindle/enkindle/Content/StarterContent/Textures/T_Brick_Clay_New_N.uasset
[2015.06.05-21.33.19:913][  0]LogPackFactory: Content/StarterContent/Textures/T_Brick_Clay_Old_D.uasset (11424774) -> C:/Users/Aft3rm4thx/Documents/GitHub/enkindle/enkindle/Content/StarterContent/Textures/T_Brick_Clay_Old_D.uasset
[2015.06.05-21.33.19:924][  0]LogPackFactory: Content/StarterContent/Textures/T_Brick_Clay_Old_N.uasset (7794699) -> C:/Users/Aft3rm4thx/Documents/GitHub/enkindle/enkindle/Content/StarterContent/Textures/T_Brick_Clay_Old_N.uasset
[2015.06.05-21.33.19:931][  0]LogPackFactory: Content/StarterContent/Textures/T_Brick_Cut_Stone_D.uasset (13386492) -> C:/Users/Aft3rm4thx/Documents/GitHub/enkindle/enkindle/Content/StarterContent/Textures/T_Brick_Cut_Stone_D.uasset
[2015.06.05-21.33.19:943][  0]LogPackFactory: Content/StarterContent/Textures/T_Brick_Cut_Stone_N.uasset (6679434) -> C:/Users/Aft3rm4thx/Documents/GitHub/enkindle/enkindle/Content/StarterContent/Textures/T_Brick_Cut_Stone_N.uasset
[2015.06.05-21.33.19:950][  0]LogPackFactory: Content/StarterContent/Textures/T_Brick_Hewn_Stone_D.uasset (7446677) -> C:/Users/Aft3rm4thx/Documents/GitHub/enkindle/enkindle/Content/StarterContent/Textures/T_Brick_Hewn_Stone_D.uasset
[2015.06.05-21.33.19:957][  0]LogPackFactory: Content/StarterContent/Textures/T_Brick_Hewn_Stone_M.uasset (6802269) -> C:/Users/Aft3rm4thx/Documents/GitHub/enkindle/enkindle/Content/StarterContent/Textures/T_Brick_Hewn_Stone_M.uasset
[2015.06.05-21.33.19:964][  0]LogPackFactory: Content/StarterContent/Textures/T_Brick_Hewn_Stone_N.uasset (8992435) -> C:/Users/Aft3rm4thx/Documents/GitHub/enkindle/enkindle/Content/StarterContent/Textures/T_Brick_Hewn_Stone_N.uasset
[2015.06.05-21.33.19:972][  0]LogPackFactory: Content/StarterContent/Textures/T_Burst_M.uasset (150025) -> C:/Users/Aft3rm4thx/Documents/GitHub/enkindle/enkindle/Content/StarterContent/Textures/T_Burst_M.uasset
[2015.06.05-21.33.19:974][  0]LogPackFactory: Content/StarterContent/Textures/T_Bush_D.uasset (552540) -> C:/Users/Aft3rm4thx/Documents/GitHub/enkindle/enkindle/Content/StarterContent/Textures/T_Bush_D.uasset
[2015.06.05-21.33.19:976][  0]LogPackFactory: Content/StarterContent/Textures/T_Bush_N.uasset (396574) -> C:/Users/Aft3rm4thx/Documents/GitHub/enkindle/enkindle/Content/StarterContent/Textures/T_Bush_N.uasset
[2015.06.05-21.33.19:978][  0]LogPackFactory: Content/StarterContent/Textures/T_Ceramic_Tile_M.uasset (277243) -> C:/Users/Aft3rm4thx/Documents/GitHub/enkindle/enkindle/Content/StarterContent/Textures/T_Ceramic_Tile_M.uasset
[2015.06.05-21.33.19:980][  0]LogPackFactory: Content/StarterContent/Textures/T_Ceramic_Tile_N.uasset (228293) -> C:/Users/Aft3rm4thx/Documents/GitHub/enkindle/enkindle/Content/StarterContent/Textures/T_Ceramic_Tile_N.uasset
[2015.06.05-21.33.19:983][  0]LogPackFactory: Content/StarterContent/Textures/T_Chair_M.uasset (576769) -> C:/Users/Aft3rm4thx/Documents/GitHub/enkindle/enkindle/Content/StarterContent/Textures/T_Chair_M.uasset
[2015.06.05-21.33.19:985][  0]LogPackFactory: Content/StarterContent/Textures/T_Chair_N.uasset (1937145) -> C:/Users/Aft3rm4thx/Documents/GitHub/enkindle/enkindle/Content/StarterContent/Textures/T_Chair_N.uasset
[2015.06.05-21.33.19:988][  0]LogPackFactory: Content/StarterContent/Textures/T_Checker_Noise_M.uasset (158406) -> C:/Users/Aft3rm4thx/Documents/GitHub/enkindle/enkindle/Content/StarterContent/Textures/T_Checker_Noise_M.uasset
[2015.06.05-21.33.19:990][  0]LogPackFactory: Content/StarterContent/Textures/T_Cliff_M.uasset (432) -> C:/Users/Aft3rm4thx/Documents/GitHub/enkindle/enkindle/Content/StarterContent/Textures/T_Cliff_M.uasset
[2015.06.05-21.33.19:991][  0]LogPackFactory: Content/StarterContent/Textures/T_Cliff_N.uasset (432) -> C:/Users/Aft3rm4thx/Documents/GitHub/enkindle/enkindle/Content/StarterContent/Textures/T_Cliff_N.uasset
[2015.06.05-21.33.19:993][  0]LogPackFactory: Content/StarterContent/Textures/T_Cobble_01_H.uasset (449) -> C:/Users/Aft3rm4thx/Documents/GitHub/enkindle/enkindle/Content/StarterContent/Textures/T_Cobble_01_H.uasset
[2015.06.05-21.33.19:994][  0]LogPackFactory: Content/StarterContent/Textures/T_CobbleDark_01_D.uasset (453) -> C:/Users/Aft3rm4thx/Documents/GitHub/enkindle/enkindle/Content/StarterContent/Textures/T_CobbleDark_01_D.uasset
[2015.06.05-21.33.19:996][  0]LogPackFactory: Content/StarterContent/Textures/T_CobbleStone_04_D.uasset (454) -> C:/Users/Aft3rm4thx/Documents/GitHub/enkindle/enkindle/Content/StarterContent/Textures/T_CobbleStone_04_D.uasset
[2015.06.05-21.33.19:998][  0]LogPackFactory: Content/StarterContent/Textures/T_CobbleStone_04_N.uasset (454) -> C:/Users/Aft3rm4thx/Documents/GitHub/enkindle/enkindle/Content/StarterContent/Textures/T_CobbleStone_04_N.uasset
[2015.06.05-21.33.19:999][  0]LogPackFactory: Content/StarterContent/Textures/T_CobbleStone_04_R.uasset (454) -> C:/Users/Aft3rm4thx/Documents/GitHub/enkindle/enkindle/Content/StarterContent/Textures/T_CobbleStone_04_R.uasset
[2015.06.05-21.33.20:001][  0]LogPackFactory: Content/StarterContent/Textures/T_CobbleStone_04b_D.uasset (455) -> C:/Users/Aft3rm4thx/Documents/GitHub/enkindle/enkindle/Content/StarterContent/Textures/T_CobbleStone_04b_D.uasset
[2015.06.05-21.33.20:003][  0]LogPackFactory: Content/StarterContent/Textures/T_CobbleStone_Pebble_D.uasset (11812314) -> C:/Users/Aft3rm4thx/Documents/GitHub/enkindle/enkindle/Content/StarterContent/Textures/T_CobbleStone_Pebble_D.uasset
[2015.06.05-21.33.20:013][  0]LogPackFactory: Content/StarterContent/Textures/T_CobbleStone_Pebble_M.uasset (1313598) -> C:/Users/Aft3rm4thx/Documents/GitHub/enkindle/enkindle/Content/StarterContent/Textures/T_CobbleStone_Pebble_M.uasset
[2015.06.05-21.33.20:015][  0]LogPackFactory: Content/StarterContent/Textures/T_CobbleStone_Pebble_N.uasset (11858728) -> C:/Users/Aft3rm4thx/Documents/GitHub/enkindle/enkindle/Content/StarterContent/Textures/T_CobbleStone_Pebble_N.uasset
[2015.06.05-21.33.20:025][  0]LogPackFactory: Content/StarterContent/Textures/T_CobbleStone_Rough_D.uasset (2936250) -> C:/Users/Aft3rm4thx/Documents/GitHub/enkindle/enkindle/Content/StarterContent/Textures/T_CobbleStone_Rough_D.uasset
[2015.06.05-21.33.20:029][  0]LogPackFactory: Content/StarterContent/Textures/T_CobbleStone_Rough_N.uasset (2700400) -> C:/Users/Aft3rm4thx/Documents/GitHub/enkindle/enkindle/Content/StarterContent/Textures/T_CobbleStone_Rough_N.uasset
[2015.06.05-21.33.20:033][  0]LogPackFactory: Content/StarterContent/Textures/T_CobbleStone_Smooth_D.uasset (6603341) -> C:/Users/Aft3rm4thx/Documents/GitHub/enkindle/enkindle/Content/StarterContent/Textures/T_CobbleStone_Smooth_D.uasset
[2015.06.05-21.33.20:039][  0]LogPackFactory: Content/StarterContent/Textures/T_CobbleStone_Smooth_M.uasset (5739577) -> C:/Users/Aft3rm4thx/Documents/GitHub/enkindle/enkindle/Content/StarterContent/Textures/T_CobbleStone_Smooth_M.uasset
[2015.06.05-21.33.20:045][  0]LogPackFactory: Content/StarterContent/Textures/T_CobbleStone_Smooth_N.uasset (8846507) -> C:/Users/Aft3rm4thx/Documents/GitHub/enkindle/enkindle/Content/StarterContent/Textures/T_CobbleStone_Smooth_N.uasset
[2015.06.05-21.33.20:053][  0]LogPackFactory: Content/StarterContent/Textures/T_Concrete01_D.uasset (450) -> C:/Users/Aft3rm4thx/Documents/GitHub/enkindle/enkindle/Content/StarterContent/Textures/T_Concrete01_D.uasset
[2015.06.05-21.33.20:056][  0]LogPackFactory: Content/StarterContent/Textures/T_Concrete01_N.uasset (450) -> C:/Users/Aft3rm4thx/Documents/GitHub/enkindle/enkindle/Content/StarterContent/Textures/T_Concrete01_N.uasset
[2015.06.05-21.33.20:058][  0]LogPackFactory: Content/StarterContent/Textures/T_Concrete_01_D.uasset (451) -> C:/Users/Aft3rm4thx/Documents/GitHub/enkindle/enkindle/Content/StarterContent/Textures/T_Concrete_01_D.uasset
[2015.06.05-21.33.20:060][  0]LogPackFactory: Content/StarterContent/Textures/T_Concrete_01_N.uasset (451) -> C:/Users/Aft3rm4thx/Documents/GitHub/enkindle/enkindle/Content/StarterContent/Textures/T_Concrete_01_N.uasset
[2015.06.05-21.33.20:061][  0]LogPackFactory: Content/StarterContent/Textures/T_Concrete_D.uasset (448) -> C:/Users/Aft3rm4thx/Documents/GitHub/enkindle/enkindle/Content/StarterContent/Textures/T_Concrete_D.uasset
[2015.06.05-21.33.20:063][  0]LogPackFactory: Content/StarterContent/Textures/T_Concrete_Floor01.uasset (454) -> C:/Users/Aft3rm4thx/Documents/GitHub/enkindle/enkindle/Content/StarterContent/Textures/T_Concrete_Floor01.uasset
[2015.06.05-21.33.20:065][  0]LogPackFactory: Content/StarterContent/Textures/T_Concrete_Floor01_N.uasset (456) -> C:/Users/Aft3rm4thx/Documents/GitHub/enkindle/enkindle/Content/StarterContent/Textures/T_Concrete_Floor01_N.uasset
[2015.06.05-21.33.20:066][  0]LogPackFactory: Content/StarterContent/Textures/T_Concrete_Grime_D.uasset (10691506) -> C:/Users/Aft3rm4thx/Documents/GitHub/enkindle/enkindle/Content/StarterContent/Textures/T_Concrete_Grime_D.uasset
[2015.06.05-21.33.20:076][  0]LogPackFactory: Content/StarterContent/Textures/T_Concrete_N.uasset (448) -> C:/Users/Aft3rm4thx/Documents/GitHub/enkindle/enkindle/Content/StarterContent/Textures/T_Concrete_N.uasset
[2015.06.05-21.33.20:077][  0]LogPackFactory: Content/StarterContent/Textures/T_Concrete_Panels_D.uasset (8513286) -> C:/Users/Aft3rm4thx/Documents/GitHub/enkindle/enkindle/Content/StarterContent/Textures/T_Concrete_Panels_D.uasset
[2015.06.05-21.33.20:085][  0]LogPackFactory: Content/StarterContent/Textures/T_Concrete_Panels_N.uasset (6558914) -> C:/Users/Aft3rm4thx/Documents/GitHub/enkindle/enkindle/Content/StarterContent/Textures/T_Concrete_Panels_N.uasset
[2015.06.05-21.33.20:092][  0]LogPackFactory: Content/StarterContent/Textures/T_Concrete_Poured_D.uasset (11600993) -> C:/Users/Aft3rm4thx/Documents/GitHub/enkindle/enkindle/Content/StarterContent/Textures/T_Concrete_Poured_D.uasset
[2015.06.05-21.33.20:102][  0]LogPackFactory: Content/StarterContent/Textures/T_Concrete_Poured_N.uasset (7452814) -> C:/Users/Aft3rm4thx/Documents/GitHub/enkindle/enkindle/Content/StarterContent/Textures/T_Concrete_Poured_N.uasset
[2015.06.05-21.33.20:110][  0]LogPackFactory: Content/StarterContent/Textures/T_Concrete_Tiles_D.uasset (4956380) -> C:/Users/Aft3rm4thx/Documents/GitHub/enkindle/enkindle/Content/StarterContent/Textures/T_Concrete_Tiles_D.uasset
[2015.06.05-21.33.20:117][  0]LogPackFactory: Content/StarterContent/Textures/T_Concrete_Tiles_M.uasset (5759659) -> C:/Users/Aft3rm4thx/Documents/GitHub/enkindle/enkindle/Content/StarterContent/Textures/T_Concrete_Tiles_M.uasset
[2015.06.05-21.33.20:123][  0]LogPackFactory: Content/StarterContent/Textures/T_Concrete_Tiles_N.uasset (6611650) -> C:/Users/Aft3rm4thx/Documents/GitHub/enkindle/enkindle/Content/StarterContent/Textures/T_Concrete_Tiles_N.uasset
[2015.06.05-21.33.20:130][  0]LogPackFactory: Content/StarterContent/Textures/T_Concrete_Tiles_Variation_M.uasset (4809) -> C:/Users/Aft3rm4thx/Documents/GitHub/enkindle/enkindle/Content/StarterContent/Textures/T_Concrete_Tiles_Variation_M.uasset
[2015.06.05-21.33.20:132][  0]LogPackFactory: Content/StarterContent/Textures/T_Concrete_Wall07.uasset (453) -> C:/Users/Aft3rm4thx/Documents/GitHub/enkindle/enkindle/Content/StarterContent/Textures/T_Concrete_Wall07.uasset
[2015.06.05-21.33.20:133][  0]LogPackFactory: Content/StarterContent/Textures/T_Concrete_Wall07_N.uasset (455) -> C:/Users/Aft3rm4thx/Documents/GitHub/enkindle/enkindle/Content/StarterContent/Textures/T_Concrete_Wall07_N.uasset
[2015.06.05-21.33.20:135][  0]LogPackFactory: Content/StarterContent/Textures/T_Concrete_Wall_D.uasset (453) -> C:/Users/Aft3rm4thx/Documents/GitHub/enkindle/enkindle/Content/StarterContent/Textures/T_Concrete_Wall_D.uasset
[2015.06.05-21.33.20:136][  0]LogPackFactory: Content/StarterContent/Textures/T_Concrete_Wall_N.uasset (453) -> C:/Users/Aft3rm4thx/Documents/GitHub/enkindle/enkindle/Content/StarterContent/Textures/T_Concrete_Wall_N.uasset
[2015.06.05-21.33.20:138][  0]LogPackFactory: Content/StarterContent/Textures/T_DesertCrystal01_N.uasset (455) -> C:/Users/Aft3rm4thx/Documents/GitHub/enkindle/enkindle/Content/StarterContent/Textures/T_DesertCrystal01_N.uasset
[2015.06.05-21.33.20:140][  0]LogPackFactory: Content/StarterContent/Textures/T_Detail_Rocky_N.uasset (2850093) -> C:/Users/Aft3rm4thx/Documents/GitHub/enkindle/enkindle/Content/StarterContent/Textures/T_Detail_Rocky_N.uasset
[2015.06.05-21.33.20:144][  0]LogPackFactory: Content/StarterContent/Textures/T_Dirt_D.uasset (444) -> C:/Users/Aft3rm4thx/Documents/GitHub/enkindle/enkindle/Content/StarterContent/Textures/T_Dirt_D.uasset
[2015.06.05-21.33.20:146][  0]LogPackFactory: Content/StarterContent/Textures/T_Dirt_N.uasset (444) -> C:/Users/Aft3rm4thx/Documents/GitHub/enkindle/enkindle/Content/StarterContent/Textures/T_Dirt_N.uasset
[2015.06.05-21.33.20:148][  0]LogPackFactory: Content/StarterContent/Textures/T_Door_M.uasset (554190) -> C:/Users/Aft3rm4thx/Documents/GitHub/enkindle/enkindle/Content/StarterContent/Textures/T_Door_M.uasset
[2015.06.05-21.33.20:168][  0]LogPackFactory: Content/StarterContent/Textures/T_Door_N.uasset (1074859) -> C:/Users/Aft3rm4thx/Documents/GitHub/enkindle/enkindle/Content/StarterContent/Textures/T_Door_N.uasset
[2015.06.05-21.33.20:170][  0]LogPackFactory: Content/StarterContent/Textures/T_Dust_Particle_D.uasset (32071) -> C:/Users/Aft3rm4thx/Documents/GitHub/enkindle/enkindle/Content/StarterContent/Textures/T_Dust_Particle_D.uasset
[2015.06.05-21.33.20:181][  0]LogPackFactory: Content/StarterContent/Textures/T_Explosion_SubUV.uasset (3004336) -> C:/Users/Aft3rm4thx/Documents/GitHub/enkindle/enkindle/Content/StarterContent/Textures/T_Explosion_SubUV.uasset
[2015.06.05-21.33.20:184][  0]LogPackFactory: Content/StarterContent/Textures/T_Fire_SubUV.uasset (525012) -> C:/Users/Aft3rm4thx/Documents/GitHub/enkindle/enkindle/Content/StarterContent/Textures/T_Fire_SubUV.uasset
[2015.06.05-21.33.20:187][  0]LogPackFactory: Content/StarterContent/Textures/T_Fire_Tiled_D.uasset (553370) -> C:/Users/Aft3rm4thx/Documents/GitHub/enkindle/enkindle/Content/StarterContent/Textures/T_Fire_Tiled_D.uasset
[2015.06.05-21.33.20:189][  0]LogPackFactory: Content/StarterContent/Textures/T_Frame_M.uasset (536068) -> C:/Users/Aft3rm4thx/Documents/GitHub/enkindle/enkindle/Content/StarterContent/Textures/T_Frame_M.uasset
[2015.06.05-21.33.20:191][  0]LogPackFactory: Content/StarterContent/Textures/T_Frame_N.uasset (1249187) -> C:/Users/Aft3rm4thx/Documents/GitHub/enkindle/enkindle/Content/StarterContent/Textures/T_Frame_N.uasset
[2015.06.05-21.33.20:193][  0]LogPackFactory: Content/StarterContent/Textures/T_Generic_Concrete_Base02.uasset (461) -> C:/Users/Aft3rm4thx/Documents/GitHub/enkindle/enkindle/Content/StarterContent/Textures/T_Generic_Concrete_Base02.uasset
[2015.06.05-21.33.20:195][  0]LogPackFactory: Content/StarterContent/Textures/T_Generic_Concrete_Base02_N.uasset (463) -> C:/Users/Aft3rm4thx/Documents/GitHub/enkindle/enkindle/Content/StarterContent/Textures/T_Generic_Concrete_Base02_N.uasset
[2015.06.05-21.33.20:197][  0]LogPackFactory: Content/StarterContent/Textures/T_Generic_Concrete_Base04_D.uasset (463) -> C:/Users/Aft3rm4thx/Documents/GitHub/enkindle/enkindle/Content/StarterContent/Textures/T_Generic_Concrete_Base04_D.uasset
[2015.06.05-21.33.20:199][  0]LogPackFactory: Content/StarterContent/Textures/T_Generic_Concrete_Base04_N.uasset (463) -> C:/Users/Aft3rm4thx/Documents/GitHub/enkindle/enkindle/Content/StarterContent/Textures/T_Generic_Concrete_Base04_N.uasset
[2015.06.05-21.33.20:201][  0]LogPackFactory: Content/StarterContent/Textures/T_Generic_Concrete_Base_06.uasset (462) -> C:/Users/Aft3rm4thx/Documents/GitHub/enkindle/enkindle/Content/StarterContent/Textures/T_Generic_Concrete_Base_06.uasset
[2015.06.05-21.33.20:202][  0]LogPackFactory: Content/StarterContent/Textures/T_Generic_Concrete_Base_06_N.uasset (464) -> C:/Users/Aft3rm4thx/Documents/GitHub/enkindle/enkindle/Content/StarterContent/Textures/T_Generic_Concrete_Base_06_N.uasset
[2015.06.05-21.33.20:204][  0]LogPackFactory: Content/StarterContent/Textures/T_Generic_Concrete_Base_07.uasset (462) -> C:/Users/Aft3rm4thx/Documents/GitHub/enkindle/enkindle/Content/StarterContent/Textures/T_Generic_Concrete_Base_07.uasset
[2015.06.05-21.33.20:206][  0]LogPackFactory: Content/StarterContent/Textures/T_Generic_Concrete_Base_07_N.uasset (464) -> C:/Users/Aft3rm4thx/Documents/GitHub/enkindle/enkindle/Content/StarterContent/Textures/T_Generic_Concrete_Base_07_N.uasset
[2015.06.05-21.33.20:207][  0]LogPackFactory: Content/StarterContent/Textures/T_Gradinet_01.uasset (5447) -> C:/Users/Aft3rm4thx/Documents/GitHub/enkindle/enkindle/Content/StarterContent/Textures/T_Gradinet_01.uasset
[2015.06.05-21.33.20:209][  0]LogPackFactory: Content/StarterContent/Textures/T_Gravel_D.uasset (425) -> C:/Users/Aft3rm4thx/Documents/GitHub/enkindle/enkindle/Content/StarterContent/Textures/T_Gravel_D.uasset
[2015.06.05-21.33.20:211][  0]LogPackFactory: Content/StarterContent/Textures/T_Gravel_N.uasset (425) -> C:/Users/Aft3rm4thx/Documents/GitHub/enkindle/enkindle/Content/StarterContent/Textures/T_Gravel_N.uasset
[2015.06.05-21.33.20:215][  0]LogPackFactory: Content/StarterContent/Textures/T_Ground_01_D.uasset (449) -> C:/Users/Aft3rm4thx/Documents/GitHub/enkindle/enkindle/Content/StarterContent/Textures/T_Ground_01_D.uasset
[2015.06.05-21.33.20:216][  0]LogPackFactory: Content/StarterContent/Textures/T_Ground_01_N.uasset (449) -> C:/Users/Aft3rm4thx/Documents/GitHub/enkindle/enkindle/Content/StarterContent/Textures/T_Ground_01_N.uasset
[2015.06.05-21.33.20:218][  0]LogPackFactory: Content/StarterContent/Textures/T_Ground_02_D.uasset (449) -> C:/Users/Aft3rm4thx/Documents/GitHub/enkindle/enkindle/Content/StarterContent/Textures/T_Ground_02_D.uasset
[2015.06.05-21.33.20:219][  0]LogPackFactory: Content/StarterContent/Textures/T_Ground_02_N.uasset (449) -> C:/Users/Aft3rm4thx/Documents/GitHub/enkindle/enkindle/Content/StarterContent/Textures/T_Ground_02_N.uasset
[2015.06.05-21.33.20:221][  0]LogPackFactory: Content/StarterContent/Textures/T_Ground_Detail_N.uasset (453) -> C:/Users/Aft3rm4thx/Documents/GitHub/enkindle/enkindle/Content/StarterContent/Textures/T_Ground_Detail_N.uasset
[2015.06.05-21.33.20:223][  0]LogPackFactory: Content/StarterContent/Textures/T_Ground_Dirt_D.uasset (451) -> C:/Users/Aft3rm4thx/Documents/GitHub/enkindle/enkindle/Content/StarterContent/Textures/T_Ground_Dirt_D.uasset
[2015.06.05-21.33.20:224][  0]LogPackFactory: Content/StarterContent/Textures/T_Ground_Dirt_N.uasset (451) -> C:/Users/Aft3rm4thx/Documents/GitHub/enkindle/enkindle/Content/StarterContent/Textures/T_Ground_Dirt_N.uasset
[2015.06.05-21.33.20:226][  0]LogPackFactory: Content/StarterContent/Textures/T_Ground_Grass_D.uasset (12014827) -> C:/Users/Aft3rm4thx/Documents/GitHub/enkindle/enkindle/Content/StarterContent/Textures/T_Ground_Grass_D.uasset
[2015.06.05-21.33.20:236][  0]LogPackFactory: Content/StarterContent/Textures/T_Ground_Grass_N.uasset (11617917) -> C:/Users/Aft3rm4thx/Documents/GitHub/enkindle/enkindle/Content/StarterContent/Textures/T_Ground_Grass_N.uasset
[2015.06.05-21.33.20:247][  0]LogPackFactory: Content/StarterContent/Textures/T_Ground_Gravel_D.uasset (10627659) -> C:/Users/Aft3rm4thx/Documents/GitHub/enkindle/enkindle/Content/StarterContent/Textures/T_Ground_Gravel_D.uasset
[2015.06.05-21.33.20:257][  0]LogPackFactory: Content/StarterContent/Textures/T_Ground_Gravel_N.uasset (7408581) -> C:/Users/Aft3rm4thx/Documents/GitHub/enkindle/enkindle/Content/StarterContent/Textures/T_Ground_Gravel_N.uasset
[2015.06.05-21.33.20:264][  0]LogPackFactory: Content/StarterContent/Textures/T_ground_Moss_D.uasset (13034653) -> C:/Users/Aft3rm4thx/Documents/GitHub/enkindle/enkindle/Content/StarterContent/Textures/T_ground_Moss_D.uasset
[2015.06.05-21.33.20:276][  0]LogPackFactory: Content/StarterContent/Textures/T_Ground_Moss_N.uasset (8389816) -> C:/Users/Aft3rm4thx/Documents/GitHub/enkindle/enkindle/Content/StarterContent/Textures/T_Ground_Moss_N.uasset
[2015.06.05-21.33.20:285][  0]LogPackFactory: Content/StarterContent/Textures/T_Ground_Noise_N.uasset (431) -> C:/Users/Aft3rm4thx/Documents/GitHub/enkindle/enkindle/Content/StarterContent/Textures/T_Ground_Noise_N.uasset
[2015.06.05-21.33.20:286][  0]LogPackFactory: Content/StarterContent/Textures/T_Lamp_M.uasset (781809) -> C:/Users/Aft3rm4thx/Documents/GitHub/enkindle/enkindle/Content/StarterContent/Textures/T_Lamp_M.uasset
[2015.06.05-21.33.20:289][  0]LogPackFactory: Content/StarterContent/Textures/T_Lamp_N.uasset (2076923) -> C:/Users/Aft3rm4thx/Documents/GitHub/enkindle/enkindle/Content/StarterContent/Textures/T_Lamp_N.uasset
[2015.06.05-21.33.20:292][  0]LogPackFactory: Content/StarterContent/Textures/T_MacroVariation.uasset (10882792) -> C:/Users/Aft3rm4thx/Documents/GitHub/enkindle/enkindle/Content/StarterContent/Textures/T_MacroVariation.uasset
[2015.06.05-21.33.20:301][  0]LogPackFactory: Content/StarterContent/Textures/T_Metal_Aluminum_D.uasset (9680629) -> C:/Users/Aft3rm4thx/Documents/GitHub/enkindle/enkindle/Content/StarterContent/Textures/T_Metal_Aluminum_D.uasset
[2015.06.05-21.33.20:310][  0]LogPackFactory: Content/StarterContent/Textures/T_Metal_Copper_D.uasset (8854788) -> C:/Users/Aft3rm4thx/Documents/GitHub/enkindle/enkindle/Content/StarterContent/Textures/T_Metal_Copper_D.uasset
[2015.06.05-21.33.20:319][  0]LogPackFactory: Content/StarterContent/Textures/T_Metal_Dark_Gun_metal_E.uasset (460) -> C:/Users/Aft3rm4thx/Documents/GitHub/enkindle/enkindle/Content/StarterContent/Textures/T_Metal_Dark_Gun_metal_E.uasset
[2015.06.05-21.33.20:321][  0]LogPackFactory: Content/StarterContent/Textures/T_Metal_Dark_Gun_metal_N.uasset (460) -> C:/Users/Aft3rm4thx/Documents/GitHub/enkindle/enkindle/Content/StarterContent/Textures/T_Metal_Dark_Gun_metal_N.uasset
[2015.06.05-21.33.20:323][  0]LogPackFactory: Content/StarterContent/Textures/T_Metal_Gold_D.uasset (8838906) -> C:/Users/Aft3rm4thx/Documents/GitHub/enkindle/enkindle/Content/StarterContent/Textures/T_Metal_Gold_D.uasset
[2015.06.05-21.33.20:333][  0]LogPackFactory: Content/StarterContent/Textures/T_Metal_Gold_N.uasset (2813572) -> C:/Users/Aft3rm4thx/Documents/GitHub/enkindle/enkindle/Content/StarterContent/Textures/T_Metal_Gold_N.uasset
[2015.06.05-21.33.20:337][  0]LogPackFactory: Content/StarterContent/Textures/T_Metal_Metal01_D.uasset (453) -> C:/Users/Aft3rm4thx/Documents/GitHub/enkindle/enkindle/Content/StarterContent/Textures/T_Metal_Metal01_D.uasset
[2015.06.05-21.33.20:339][  0]LogPackFactory: Content/StarterContent/Textures/T_Metal_Metal01_N.uasset (453) -> C:/Users/Aft3rm4thx/Documents/GitHub/enkindle/enkindle/Content/StarterContent/Textures/T_Metal_Metal01_N.uasset
[2015.06.05-21.33.20:341][  0]LogPackFactory: Content/StarterContent/Textures/T_Metal_Metal03_D.uasset (453) -> C:/Users/Aft3rm4thx/Documents/GitHub/enkindle/enkindle/Content/StarterContent/Textures/T_Metal_Metal03_D.uasset
[2015.06.05-21.33.20:342][  0]LogPackFactory: Content/StarterContent/Textures/T_Metal_Metal03_N.uasset (453) -> C:/Users/Aft3rm4thx/Documents/GitHub/enkindle/enkindle/Content/StarterContent/Textures/T_Metal_Metal03_N.uasset
[2015.06.05-21.33.20:344][  0]LogPackFactory: Content/StarterContent/Textures/T_Metal_Painted_04_D.uasset (456) -> C:/Users/Aft3rm4thx/Documents/GitHub/enkindle/enkindle/Content/StarterContent/Textures/T_Metal_Painted_04_D.uasset
[2015.06.05-21.33.20:346][  0]LogPackFactory: Content/StarterContent/Textures/T_Metal_Painted_04_N.uasset (456) -> C:/Users/Aft3rm4thx/Documents/GitHub/enkindle/enkindle/Content/StarterContent/Textures/T_Metal_Painted_04_N.uasset
[2015.06.05-21.33.20:347][  0]LogPackFactory: Content/StarterContent/Textures/T_Metal_Rust_01_D.uasset (453) -> C:/Users/Aft3rm4thx/Documents/GitHub/enkindle/enkindle/Content/StarterContent/Textures/T_Metal_Rust_01_D.uasset
[2015.06.05-21.33.20:349][  0]LogPackFactory: Content/StarterContent/Textures/T_Metal_Rust_01_N.uasset (453) -> C:/Users/Aft3rm4thx/Documents/GitHub/enkindle/enkindle/Content/StarterContent/Textures/T_Metal_Rust_01_N.uasset
[2015.06.05-21.33.20:351][  0]LogPackFactory: Content/StarterContent/Textures/T_Metal_Rust_D.uasset (9329320) -> C:/Users/Aft3rm4thx/Documents/GitHub/enkindle/enkindle/Content/StarterContent/Textures/T_Metal_Rust_D.uasset
[2015.06.05-21.33.20:359][  0]LogPackFactory: Content/StarterContent/Textures/T_Metal_Rust_N.uasset (7504761) -> C:/Users/Aft3rm4thx/Documents/GitHub/enkindle/enkindle/Content/StarterContent/Textures/T_Metal_Rust_N.uasset
[2015.06.05-21.33.20:367][  0]LogPackFactory: Content/StarterContent/Textures/T_Metal_Scuffed_D.uasset (453) -> C:/Users/Aft3rm4thx/Documents/GitHub/enkindle/enkindle/Content/StarterContent/Textures/T_Metal_Scuffed_D.uasset
[2015.06.05-21.33.20:369][  0]LogPackFactory: Content/StarterContent/Textures/T_Metal_Scuffed_N.uasset (453) -> C:/Users/Aft3rm4thx/Documents/GitHub/enkindle/enkindle/Content/StarterContent/Textures/T_Metal_Scuffed_N.uasset
[2015.06.05-21.33.20:370][  0]LogPackFactory: Content/StarterContent/Textures/T_Metal_Steel_D.uasset (3581726) -> C:/Users/Aft3rm4thx/Documents/GitHub/enkindle/enkindle/Content/StarterContent/Textures/T_Metal_Steel_D.uasset
[2015.06.05-21.33.20:375][  0]LogPackFactory: Content/StarterContent/Textures/T_Metal_Steel_N.uasset (4922590) -> C:/Users/Aft3rm4thx/Documents/GitHub/enkindle/enkindle/Content/StarterContent/Textures/T_Metal_Steel_N.uasset
[2015.06.05-21.33.20:380][  0]LogPackFactory: Content/StarterContent/Textures/T_Paint_Metal_Rust_D.uasset (456) -> C:/Users/Aft3rm4thx/Documents/GitHub/enkindle/enkindle/Content/StarterContent/Textures/T_Paint_Metal_Rust_D.uasset
[2015.06.05-21.33.20:382][  0]LogPackFactory: Content/StarterContent/Textures/T_Paint_Metal_Rust_N.uasset (456) -> C:/Users/Aft3rm4thx/Documents/GitHub/enkindle/enkindle/Content/StarterContent/Textures/T_Paint_Metal_Rust_N.uasset
[2015.06.05-21.33.20:384][  0]LogPackFactory: Content/StarterContent/Textures/T_PaintedMetal01.uasset (452) -> C:/Users/Aft3rm4thx/Documents/GitHub/enkindle/enkindle/Content/StarterContent/Textures/T_PaintedMetal01.uasset
[2015.06.05-21.33.20:385][  0]LogPackFactory: Content/StarterContent/Textures/T_PaintedMetal01_N.uasset (454) -> C:/Users/Aft3rm4thx/Documents/GitHub/enkindle/enkindle/Content/StarterContent/Textures/T_PaintedMetal01_N.uasset
[2015.06.05-21.33.20:387][  0]LogPackFactory: Content/StarterContent/Textures/T_PatchyGrass_D.uasset (451) -> C:/Users/Aft3rm4thx/Documents/GitHub/enkindle/enkindle/Content/StarterContent/Textures/T_PatchyGrass_D.uasset
[2015.06.05-21.33.20:389][  0]LogPackFactory: Content/StarterContent/Textures/T_PatchyGrass_N.uasset (451) -> C:/Users/Aft3rm4thx/Documents/GitHub/enkindle/enkindle/Content/StarterContent/Textures/T_PatchyGrass_N.uasset
[2015.06.05-21.33.20:390][  0]LogPackFactory: Content/StarterContent/Textures/T_Perlin_Noise_M.uasset (7869402) -> C:/Users/Aft3rm4thx/Documents/GitHub/enkindle/enkindle/Content/StarterContent/Textures/T_Perlin_Noise_M.uasset
[2015.06.05-21.33.20:398][  0]LogPackFactory: Content/StarterContent/Textures/T_Rock_01_D.uasset (447) -> C:/Users/Aft3rm4thx/Documents/GitHub/enkindle/enkindle/Content/StarterContent/Textures/T_Rock_01_D.uasset
[2015.06.05-21.33.20:400][  0]LogPackFactory: Content/StarterContent/Textures/T_Rock_01_N.uasset (447) -> C:/Users/Aft3rm4thx/Documents/GitHub/enkindle/enkindle/Content/StarterContent/Textures/T_Rock_01_N.uasset
[2015.06.05-21.33.20:402][  0]LogPackFactory: Content/StarterContent/Textures/T_Rock_03_D.uasset (447) -> C:/Users/Aft3rm4thx/Documents/GitHub/enkindle/enkindle/Content/StarterContent/Textures/T_Rock_03_D.uasset
[2015.06.05-21.33.20:404][  0]LogPackFactory: Content/StarterContent/Textures/T_Rock_03_N.uasset (447) -> C:/Users/Aft3rm4thx/Documents/GitHub/enkindle/enkindle/Content/StarterContent/Textures/T_Rock_03_N.uasset
[2015.06.05-21.33.20:405][  0]LogPackFactory: Content/StarterContent/Textures/T_Rock_05_D.uasset (447) -> C:/Users/Aft3rm4thx/Documents/GitHub/enkindle/enkindle/Content/StarterContent/Textures/T_Rock_05_D.uasset
[2015.06.05-21.33.20:407][  0]LogPackFactory: Content/StarterContent/Textures/T_Rock_05_N.uasset (447) -> C:/Users/Aft3rm4thx/Documents/GitHub/enkindle/enkindle/Content/StarterContent/Textures/T_Rock_05_N.uasset
[2015.06.05-21.33.20:409][  0]LogPackFactory: Content/StarterContent/Textures/T_Rock_06_D.uasset (447) -> C:/Users/Aft3rm4thx/Documents/GitHub/enkindle/enkindle/Content/StarterContent/Textures/T_Rock_06_D.uasset
[2015.06.05-21.33.20:410][  0]LogPackFactory: Content/StarterContent/Textures/T_Rock_06_N.uasset (447) -> C:/Users/Aft3rm4thx/Documents/GitHub/enkindle/enkindle/Content/StarterContent/Textures/T_Rock_06_N.uasset
[2015.06.05-21.33.20:412][  0]LogPackFactory: Content/StarterContent/Textures/T_Rock_07_D.uasset (447) -> C:/Users/Aft3rm4thx/Documents/GitHub/enkindle/enkindle/Content/StarterContent/Textures/T_Rock_07_D.uasset
[2015.06.05-21.33.20:414][  0]LogPackFactory: Content/StarterContent/Textures/T_Rock_07_N.uasset (447) -> C:/Users/Aft3rm4thx/Documents/GitHub/enkindle/enkindle/Content/StarterContent/Textures/T_Rock_07_N.uasset
[2015.06.05-21.33.20:415][  0]LogPackFactory: Content/StarterContent/Textures/T_Rock_07b_D.uasset (448) -> C:/Users/Aft3rm4thx/Documents/GitHub/enkindle/enkindle/Content/StarterContent/Textures/T_Rock_07b_D.uasset
[2015.06.05-21.33.20:417][  0]LogPackFactory: Content/StarterContent/Textures/T_Rock_08_D.uasset (447) -> C:/Users/Aft3rm4thx/Documents/GitHub/enkindle/enkindle/Content/StarterContent/Textures/T_Rock_08_D.uasset
[2015.06.05-21.33.20:419][  0]LogPackFactory: Content/StarterContent/Textures/T_Rock_08_N.uasset (447) -> C:/Users/Aft3rm4thx/Documents/GitHub/enkindle/enkindle/Content/StarterContent/Textures/T_Rock_08_N.uasset
[2015.06.05-21.33.20:420][  0]LogPackFactory: Content/StarterContent/Textures/T_Rock_09_D.uasset (447) -> C:/Users/Aft3rm4thx/Documents/GitHub/enkindle/enkindle/Content/StarterContent/Textures/T_Rock_09_D.uasset
[2015.06.05-21.33.20:422][  0]LogPackFactory: Content/StarterContent/Textures/T_Rock_10_D.uasset (447) -> C:/Users/Aft3rm4thx/Documents/GitHub/enkindle/enkindle/Content/StarterContent/Textures/T_Rock_10_D.uasset
[2015.06.05-21.33.20:424][  0]LogPackFactory: Content/StarterContent/Textures/T_Rock_10_N.uasset (447) -> C:/Users/Aft3rm4thx/Documents/GitHub/enkindle/enkindle/Content/StarterContent/Textures/T_Rock_10_N.uasset
[2015.06.05-21.33.20:425][  0]LogPackFactory: Content/StarterContent/Textures/T_Rock_11b_D.uasset (448) -> C:/Users/Aft3rm4thx/Documents/GitHub/enkindle/enkindle/Content/StarterContent/Textures/T_Rock_11b_D.uasset
[2015.06.05-21.33.20:431][  0]LogPackFactory: Content/StarterContent/Textures/T_Rock_Basalt_D.uasset (9359943) -> C:/Users/Aft3rm4thx/Documents/GitHub/enkindle/enkindle/Content/StarterContent/Textures/T_Rock_Basalt_D.uasset
[2015.06.05-21.33.20:440][  0]LogPackFactory: Content/StarterContent/Textures/T_Rock_Basalt_N.uasset (7847129) -> C:/Users/Aft3rm4thx/Documents/GitHub/enkindle/enkindle/Content/StarterContent/Textures/T_Rock_Basalt_N.uasset
[2015.06.05-21.33.20:448][  0]LogPackFactory: Content/StarterContent/Textures/T_Rock_Detail_02_D.uasset (454) -> C:/Users/Aft3rm4thx/Documents/GitHub/enkindle/enkindle/Content/StarterContent/Textures/T_Rock_Detail_02_D.uasset
[2015.06.05-21.33.20:450][  0]LogPackFactory: Content/StarterContent/Textures/T_Rock_Detail_02_N.uasset (454) -> C:/Users/Aft3rm4thx/Documents/GitHub/enkindle/enkindle/Content/StarterContent/Textures/T_Rock_Detail_02_N.uasset
[2015.06.05-21.33.20:452][  0]LogPackFactory: Content/StarterContent/Textures/T_Rock_Detail_03_D.uasset (454) -> C:/Users/Aft3rm4thx/Documents/GitHub/enkindle/enkindle/Content/StarterContent/Textures/T_Rock_Detail_03_D.uasset
[2015.06.05-21.33.20:454][  0]LogPackFactory: Content/StarterContent/Textures/T_Rock_Marble_Polished_D.uasset (5327483) -> C:/Users/Aft3rm4thx/Documents/GitHub/enkindle/enkindle/Content/StarterContent/Textures/T_Rock_Marble_Polished_D.uasset
[2015.06.05-21.33.20:460][  0]LogPackFactory: Content/StarterContent/Textures/T_Rock_Sandstone_D.uasset (9234423) -> C:/Users/Aft3rm4thx/Documents/GitHub/enkindle/enkindle/Content/StarterContent/Textures/T_Rock_Sandstone_D.uasset
[2015.06.05-21.33.20:469][  0]LogPackFactory: Content/StarterContent/Textures/T_Rock_Sandstone_N.uasset (8399811) -> C:/Users/Aft3rm4thx/Documents/GitHub/enkindle/enkindle/Content/StarterContent/Textures/T_Rock_Sandstone_N.uasset
[2015.06.05-21.33.20:477][  0]LogPackFactory: Content/StarterContent/Textures/T_Rock_Slate_D.uasset (12333988) -> C:/Users/Aft3rm4thx/Documents/GitHub/enkindle/enkindle/Content/StarterContent/Textures/T_Rock_Slate_D.uasset
[2015.06.05-21.33.20:489][  0]LogPackFactory: Content/StarterContent/Textures/T_Rock_Slate_N.uasset (9649859) -> C:/Users/Aft3rm4thx/Documents/GitHub/enkindle/enkindle/Content/StarterContent/Textures/T_Rock_Slate_N.uasset
[2015.06.05-21.33.20:498][  0]LogPackFactory: Content/StarterContent/Textures/T_Rock_Smooth_Granite_D.uasset (8829490) -> C:/Users/Aft3rm4thx/Documents/GitHub/enkindle/enkindle/Content/StarterContent/Textures/T_Rock_Smooth_Granite_D.uasset
[2015.06.05-21.33.20:506][  0]LogPackFactory: Content/StarterContent/Textures/T_RockMesh_M.uasset (2706973) -> C:/Users/Aft3rm4thx/Documents/GitHub/enkindle/enkindle/Content/StarterContent/Textures/T_RockMesh_M.uasset
[2015.06.05-21.33.20:511][  0]LogPackFactory: Content/StarterContent/Textures/T_RockMesh_N.uasset (5375053) -> C:/Users/Aft3rm4thx/Documents/GitHub/enkindle/enkindle/Content/StarterContent/Textures/T_RockMesh_N.uasset
[2015.06.05-21.33.20:517][  0]LogPackFactory: Content/StarterContent/Textures/T_Rocky_01_N.uasset (448) -> C:/Users/Aft3rm4thx/Documents/GitHub/enkindle/enkindle/Content/StarterContent/Textures/T_Rocky_01_N.uasset
[2015.06.05-21.33.20:519][  0]LogPackFactory: Content/StarterContent/Textures/T_Shelf_M.uasset (651298) -> C:/Users/Aft3rm4thx/Documents/GitHub/enkindle/enkindle/Content/StarterContent/Textures/T_Shelf_M.uasset
[2015.06.05-21.33.20:521][  0]LogPackFactory: Content/StarterContent/Textures/T_Shelf_N.uasset (1639501) -> C:/Users/Aft3rm4thx/Documents/GitHub/enkindle/enkindle/Content/StarterContent/Textures/T_Shelf_N.uasset
[2015.06.05-21.33.20:523][  0]LogPackFactory: Content/StarterContent/Textures/T_Single_Tile_N.uasset (6402) -> C:/Users/Aft3rm4thx/Documents/GitHub/enkindle/enkindle/Content/StarterContent/Textures/T_Single_Tile_N.uasset
[2015.06.05-21.33.20:525][  0]LogPackFactory: Content/StarterContent/Textures/T_Sky_Clouds_M.uasset (450) -> C:/Users/Aft3rm4thx/Documents/GitHub/enkindle/enkindle/Content/StarterContent/Textures/T_Sky_Clouds_M.uasset
[2015.06.05-21.33.20:527][  0]LogPackFactory: Content/StarterContent/Textures/T_Sky_Stars.uasset (447) -> C:/Users/Aft3rm4thx/Documents/GitHub/enkindle/enkindle/Content/StarterContent/Textures/T_Sky_Stars.uasset
[2015.06.05-21.33.20:529][  0]LogPackFactory: Content/StarterContent/Textures/T_Smoke_SubUV.uasset (2630744) -> C:/Users/Aft3rm4thx/Documents/GitHub/enkindle/enkindle/Content/StarterContent/Textures/T_Smoke_SubUV.uasset
[2015.06.05-21.33.20:532][  0]LogPackFactory: Content/StarterContent/Textures/T_Smoke_Tiled_D.uasset (91431) -> C:/Users/Aft3rm4thx/Documents/GitHub/enkindle/enkindle/Content/StarterContent/Textures/T_Smoke_Tiled_D.uasset
[2015.06.05-21.33.20:534][  0]LogPackFactory: Content/StarterContent/Textures/T_Spark_Core.uasset (162316) -> C:/Users/Aft3rm4thx/Documents/GitHub/enkindle/enkindle/Content/StarterContent/Textures/T_Spark_Core.uasset
[2015.06.05-21.33.20:536][  0]LogPackFactory: Content/StarterContent/Textures/T_Statue_M.uasset (546786) -> C:/Users/Aft3rm4thx/Documents/GitHub/enkindle/enkindle/Content/StarterContent/Textures/T_Statue_M.uasset
[2015.06.05-21.33.20:538][  0]LogPackFactory: Content/StarterContent/Textures/T_Statue_N.uasset (515360) -> C:/Users/Aft3rm4thx/Documents/GitHub/enkindle/enkindle/Content/StarterContent/Textures/T_Statue_N.uasset
[2015.06.05-21.33.20:540][  0]LogPackFactory: Content/StarterContent/Textures/T_Stone_Brick_D.uasset (451) -> C:/Users/Aft3rm4thx/Documents/GitHub/enkindle/enkindle/Content/StarterContent/Textures/T_Stone_Brick_D.uasset
[2015.06.05-21.33.20:542][  0]LogPackFactory: Content/StarterContent/Textures/T_Stone_Brick_N.uasset (451) -> C:/Users/Aft3rm4thx/Documents/GitHub/enkindle/enkindle/Content/StarterContent/Textures/T_Stone_Brick_N.uasset
[2015.06.05-21.33.20:544][  0]LogPackFactory: Content/StarterContent/Textures/T_TableRound_M.uasset (870486) -> C:/Users/Aft3rm4thx/Documents/GitHub/enkindle/enkindle/Content/StarterContent/Textures/T_TableRound_M.uasset
[2015.06.05-21.33.20:546][  0]LogPackFactory: Content/StarterContent/Textures/T_TableRound_N.uasset (1549086) -> C:/Users/Aft3rm4thx/Documents/GitHub/enkindle/enkindle/Content/StarterContent/Textures/T_TableRound_N.uasset
[2015.06.05-21.33.20:548][  0]LogPackFactory: Content/StarterContent/Textures/T_Tech_Dot_M.uasset (107174) -> C:/Users/Aft3rm4thx/Documents/GitHub/enkindle/enkindle/Content/StarterContent/Textures/T_Tech_Dot_M.uasset
[2015.06.05-21.33.20:550][  0]LogPackFactory: Content/StarterContent/Textures/T_Tech_Dot_N.uasset (202333) -> C:/Users/Aft3rm4thx/Documents/GitHub/enkindle/enkindle/Content/StarterContent/Textures/T_Tech_Dot_N.uasset
[2015.06.05-21.33.20:552][  0]LogPackFactory: Content/StarterContent/Textures/T_Tech_Hex_Tile_M.uasset (793459) -> C:/Users/Aft3rm4thx/Documents/GitHub/enkindle/enkindle/Content/StarterContent/Textures/T_Tech_Hex_Tile_M.uasset
[2015.06.05-21.33.20:554][  0]LogPackFactory: Content/StarterContent/Textures/T_Tech_Hex_Tile_N.uasset (493875) -> C:/Users/Aft3rm4thx/Documents/GitHub/enkindle/enkindle/Content/StarterContent/Textures/T_Tech_Hex_Tile_N.uasset
[2015.06.05-21.33.20:556][  0]LogPackFactory: Content/StarterContent/Textures/T_Tech_Panel_M.uasset (979689) -> C:/Users/Aft3rm4thx/Documents/GitHub/enkindle/enkindle/Content/StarterContent/Textures/T_Tech_Panel_M.uasset
[2015.06.05-21.33.20:559][  0]LogPackFactory: Content/StarterContent/Textures/T_Tech_Panel_N.uasset (1860674) -> C:/Users/Aft3rm4thx/Documents/GitHub/enkindle/enkindle/Content/StarterContent/Textures/T_Tech_Panel_N.uasset
[2015.06.05-21.33.20:562][  0]LogPackFactory: Content/StarterContent/Textures/T_Underground_Base_Pipe_D.uasset (461) -> C:/Users/Aft3rm4thx/Documents/GitHub/enkindle/enkindle/Content/StarterContent/Textures/T_Underground_Base_Pipe_D.uasset
[2015.06.05-21.33.20:564][  0]LogPackFactory: Content/StarterContent/Textures/T_Underground_Base_Pipe_N.uasset (461) -> C:/Users/Aft3rm4thx/Documents/GitHub/enkindle/enkindle/Content/StarterContent/Textures/T_Underground_Base_Pipe_N.uasset
[2015.06.05-21.33.20:566][  0]LogPackFactory: Content/StarterContent/Textures/T_UNV_Concrete02.uasset (452) -> C:/Users/Aft3rm4thx/Documents/GitHub/enkindle/enkindle/Content/StarterContent/Textures/T_UNV_Concrete02.uasset
[2015.06.05-21.33.20:567][  0]LogPackFactory: Content/StarterContent/Textures/T_UNV_Concrete02_N.uasset (454) -> C:/Users/Aft3rm4thx/Documents/GitHub/enkindle/enkindle/Content/StarterContent/Textures/T_UNV_Concrete02_N.uasset
[2015.06.05-21.33.20:569][  0]LogPackFactory: Content/StarterContent/Textures/T_Water_M.uasset (1696467) -> C:/Users/Aft3rm4thx/Documents/GitHub/enkindle/enkindle/Content/StarterContent/Textures/T_Water_M.uasset
[2015.06.05-21.33.20:572][  0]LogPackFactory: Content/StarterContent/Textures/T_Water_N.uasset (2087420) -> C:/Users/Aft3rm4thx/Documents/GitHub/enkindle/enkindle/Content/StarterContent/Textures/T_Water_N.uasset
[2015.06.05-21.33.20:575][  0]LogPackFactory: Content/StarterContent/Textures/T_White_Painted_Metal_D.uasset (459) -> C:/Users/Aft3rm4thx/Documents/GitHub/enkindle/enkindle/Content/StarterContent/Textures/T_White_Painted_Metal_D.uasset
[2015.06.05-21.33.20:577][  0]LogPackFactory: Content/StarterContent/Textures/T_White_Painted_Metal_N.uasset (459) -> C:/Users/Aft3rm4thx/Documents/GitHub/enkindle/enkindle/Content/StarterContent/Textures/T_White_Painted_Metal_N.uasset
[2015.06.05-21.33.20:578][  0]LogPackFactory: Content/StarterContent/Textures/T_Wood_a_d.uasset (446) -> C:/Users/Aft3rm4thx/Documents/GitHub/enkindle/enkindle/Content/StarterContent/Textures/T_Wood_a_d.uasset
[2015.06.05-21.33.20:580][  0]LogPackFactory: Content/StarterContent/Textures/T_Wood_A_N.uasset (446) -> C:/Users/Aft3rm4thx/Documents/GitHub/enkindle/enkindle/Content/StarterContent/Textures/T_Wood_A_N.uasset
[2015.06.05-21.33.20:582][  0]LogPackFactory: Content/StarterContent/Textures/T_Wood_A_S.uasset (446) -> C:/Users/Aft3rm4thx/Documents/GitHub/enkindle/enkindle/Content/StarterContent/Textures/T_Wood_A_S.uasset
[2015.06.05-21.33.20:583][  0]LogPackFactory: Content/StarterContent/Textures/T_Wood_Floor_Walnut_D.uasset (4584206) -> C:/Users/Aft3rm4thx/Documents/GitHub/enkindle/enkindle/Content/StarterContent/Textures/T_Wood_Floor_Walnut_D.uasset
[2015.06.05-21.33.20:589][  0]LogPackFactory: Content/StarterContent/Textures/T_Wood_Floor_Walnut_M.uasset (3940729) -> C:/Users/Aft3rm4thx/Documents/GitHub/enkindle/enkindle/Content/StarterContent/Textures/T_Wood_Floor_Walnut_M.uasset
[2015.06.05-21.33.20:594][  0]LogPackFactory: Content/StarterContent/Textures/T_Wood_Floor_Walnut_N.uasset (2858538) -> C:/Users/Aft3rm4thx/Documents/GitHub/enkindle/enkindle/Content/StarterContent/Textures/T_Wood_Floor_Walnut_N.uasset
[2015.06.05-21.33.20:597][  0]LogPackFactory: Content/StarterContent/Textures/T_Wood_Oak_D.uasset (6707252) -> C:/Users/Aft3rm4thx/Documents/GitHub/enkindle/enkindle/Content/StarterContent/Textures/T_Wood_Oak_D.uasset
[2015.06.05-21.33.20:604][  0]LogPackFactory: Content/StarterContent/Textures/T_Wood_Oak_N.uasset (6245295) -> C:/Users/Aft3rm4thx/Documents/GitHub/enkindle/enkindle/Content/StarterContent/Textures/T_Wood_Oak_N.uasset
[2015.06.05-21.33.20:611][  0]LogPackFactory: Content/StarterContent/Textures/T_Wood_Pine_D.uasset (9690724) -> C:/Users/Aft3rm4thx/Documents/GitHub/enkindle/enkindle/Content/StarterContent/Textures/T_Wood_Pine_D.uasset
[2015.06.05-21.33.20:620][  0]LogPackFactory: Content/StarterContent/Textures/T_Wood_Pine_N.uasset (3467174) -> C:/Users/Aft3rm4thx/Documents/GitHub/enkindle/enkindle/Content/StarterContent/Textures/T_Wood_Pine_N.uasset
[2015.06.05-21.33.20:624][  0]LogPackFactory: Content/StarterContent/Textures/T_Wood_Walnut_D.uasset (6509713) -> C:/Users/Aft3rm4thx/Documents/GitHub/enkindle/enkindle/Content/StarterContent/Textures/T_Wood_Walnut_D.uasset
[2015.06.05-21.33.20:631][  0]LogPackFactory: Content/StarterContent/Textures/T_Wood_Walnut_N.uasset (3836013) -> C:/Users/Aft3rm4thx/Documents/GitHub/enkindle/enkindle/Content/StarterContent/Textures/T_Wood_Walnut_N.uasset
[2015.06.05-21.33.20:635][  0]LogPackFactory: Finished extracting 750 files (including 0 errors).
[2015.06.05-21.33.20:956][  0]LogRenderer:Warning: Reallocating scene render targets to support 256x256 (Frame:2).
[2015.06.05-21.33.21:318][  0]LogSavePackage: Save=311.650757ms
[2015.06.05-21.33.21:318][  0]LogSavePackage: Moving 'C:/Users/Aft3rm4thx/Documents/GitHub/enkindle/enkindle/Saved/Floor_400x4009E6EDBBD42EDF141C095E49068C01307.tmp' to 'C:/Users/Aft3rm4thx/Documents/GitHub/enkindle/enkindle/Content/StarterContent/Architecture/Floor_400x400.uasset'
[2015.06.05-21.33.21:324][  0]LogFeaturePack:Warning: Inserted 1 feature packs
[2015.06.05-21.33.21:326][  0]Cmd: MAP LOAD FILE="C:/Users/Aft3rm4thx/Documents/GitHub/enkindle/enkindle/Content/TopDownBP/Maps/TopDownExampleMap.umap" TEMPLATE=0 SHOWPROGRESS=1 FEATURELEVEL=3
[2015.06.05-21.33.21:327][  0]LightingResults: New page: Lighting Build
[2015.06.05-21.33.21:353][  0]MapCheck: New page: Map Check
[2015.06.05-21.33.21:353][  0]LightingResults: New page: Lighting Build
[2015.06.05-21.33.21:364][  0]LogParticles: Destroying 0 GPU particle simulations for FXSystem 0x00000064B3E2E520
[2015.06.05-21.33.23:080][  0]LogEditorServer: Finished looking for orphan Actors (0.000 secs)
[2015.06.05-21.33.23:080][  0]LogAIModule: Creating AISystem for world TopDownExampleMap
[2015.06.05-21.33.23:082][  0]Cmd: MAP CHECKDEP
[2015.06.05-21.33.23:082][  0]MapCheck: New 